30 users are loaded from ./data/Dataset2/Format2/...
[Info]Training size: 0(0.00), adaptation size: 1500(0.50), and testing size: 390(0.54)
ooooooooooooooooooooooxoooooooooooooooooooooooooooooooooooooooooooo
MTRegLR[u:0.10,eta1:0.200]
Micro confusion matrix:
	0	1
0	153	36
1	27	174
Micro F1:
Class 0: 0.8293	Class 1: 0.8467	
Macro F1:
Class 0: 0.8393	Class 1: 0.7913	

Overall accuracy: 0.8385.
[Info]Training size: 0(0.00), adaptation size: 1500(0.50), and testing size: 390(0.54)
oooooooooooooxoooooooooooooooooooooooooxoooooooooooooo
MTRegLR[u:0.10,eta1:0.400]
Micro confusion matrix:
	0	1
0	158	46
1	22	164
Micro F1:
Class 0: 0.8229	Class 1: 0.8283	
Macro F1:
Class 0: 0.8327	Class 1: 0.7703	

Overall accuracy: 0.8256.
[Info]Training size: 0(0.00), adaptation size: 1500(0.50), and testing size: 390(0.54)
ooooooooooooooooooooooooooooxooooooooooooooooooo
MTRegLR[u:0.10,eta1:0.600]
Micro confusion matrix:
	0	1
0	161	55
1	19	155
Micro F1:
Class 0: 0.8131	Class 1: 0.8073	
Macro F1:
Class 0: 0.8279	Class 1: 0.7370	

Overall accuracy: 0.8103.
[Info]Training size: 0(0.00), adaptation size: 1500(0.50), and testing size: 390(0.54)
ooooooooooooooooooooooxooooooooooooxoooooooo
MTRegLR[u:0.10,eta1:0.800]
Micro confusion matrix:
	0	1
0	162	56
1	18	154
Micro F1:
Class 0: 0.8141	Class 1: 0.8063	
Macro F1:
Class 0: 0.8286	Class 1: 0.7318	

Overall accuracy: 0.8103.
[Info]Training size: 0(0.00), adaptation size: 1500(0.50), and testing size: 390(0.54)
ooooooooooooooooooooooxoooooooooxoooooooo
MTRegLR[u:0.10,eta1:1.000]
Micro confusion matrix:
	0	1
0	162	61
1	18	149
Micro F1:
Class 0: 0.8040	Class 1: 0.7905	
Macro F1:
Class 0: 0.8216	Class 1: 0.7016	

Overall accuracy: 0.7974.
[Info]Training size: 0(0.00), adaptation size: 1500(0.50), and testing size: 390(0.54)
ooooooooooooxoooooooooooooxoooooooooo
MTRegLR[u:0.10,eta1:1.200]
Micro confusion matrix:
	0	1
0	165	64
1	15	146
Micro F1:
Class 0: 0.8068	Class 1: 0.7871	
Macro F1:
Class 0: 0.8259	Class 1: 0.6887	

Overall accuracy: 0.7974.
[Info]Training size: 0(0.00), adaptation size: 1500(0.50), and testing size: 390(0.54)
ooooooooooooxooooooooooooooooooxooooo
MTRegLR[u:0.10,eta1:1.400]
Micro confusion matrix:
	0	1
0	165	69
1	15	141
Micro F1:
Class 0: 0.7971	Class 1: 0.7705	
Macro F1:
Class 0: 0.8175	Class 1: 0.6572	

Overall accuracy: 0.7846.
[Info]Training size: 0(0.00), adaptation size: 1500(0.50), and testing size: 390(0.54)
ooooooooooooxooooooooooooooooooooo
MTRegLR[u:0.10,eta1:1.600]
Micro confusion matrix:
	0	1
0	165	70
1	15	140
Micro F1:
Class 0: 0.7952	Class 1: 0.7671	
Macro F1:
Class 0: 0.8160	Class 1: 0.6483	

Overall accuracy: 0.7821.
[Info]Training size: 0(0.00), adaptation size: 1500(0.50), and testing size: 390(0.54)
ooooooooooooxoooooooooxoooooooxooooo
MTRegLR[u:0.10,eta1:1.800]
Micro confusion matrix:
	0	1
0	165	70
1	15	140
Micro F1:
Class 0: 0.7952	Class 1: 0.7671	
Macro F1:
Class 0: 0.8160	Class 1: 0.6483	

Overall accuracy: 0.7821.
[Info]Training size: 0(0.00), adaptation size: 1500(0.50), and testing size: 390(0.54)
ooooooooooooooooooooooooooooooooooo
MTRegLR[u:0.10,eta1:2.000]
Micro confusion matrix:
	0	1
0	165	70
1	15	140
Micro F1:
Class 0: 0.7952	Class 1: 0.7671	
Macro F1:
Class 0: 0.8160	Class 1: 0.6483	

Overall accuracy: 0.7821.
[Info]Training size: 0(0.00), adaptation size: 1500(0.50), and testing size: 390(0.54)
oooooooooxoooooooooooooxooooooooooooooxoooooooooooooooooooooooooooooooooooooooooooooooo
MTRegLR[u:0.20,eta1:0.200]
Micro confusion matrix:
	0	1
0	153	36
1	27	174
Micro F1:
Class 0: 0.8293	Class 1: 0.8467	
Macro F1:
Class 0: 0.8393	Class 1: 0.7913	

Overall accuracy: 0.8385.
[Info]Training size: 0(0.00), adaptation size: 1500(0.50), and testing size: 390(0.54)
oooooooooxoooooxoooooxooooxooooxooooooooooooooooooooooooooooxoooooxoooooooooxoo
MTRegLR[u:0.20,eta1:0.400]
Micro confusion matrix:
	0	1
0	158	46
1	22	164
Micro F1:
Class 0: 0.8229	Class 1: 0.8283	
Macro F1:
Class 0: 0.8327	Class 1: 0.7703	

Overall accuracy: 0.8256.
[Info]Training size: 0(0.00), adaptation size: 1500(0.50), and testing size: 390(0.54)
oooooooooxoooooxooooxoooooooooxoooooooooxooooooooxooooooooxooooxoo
MTRegLR[u:0.20,eta1:0.600]
Micro confusion matrix:
	0	1
0	161	55
1	19	155
Micro F1:
Class 0: 0.8131	Class 1: 0.8073	
Macro F1:
Class 0: 0.8279	Class 1: 0.7370	

Overall accuracy: 0.8103.
[Info]Training size: 0(0.00), adaptation size: 1500(0.50), and testing size: 390(0.54)
oooooooooxoooooooooxooooooooxoooooooooooooooooxoooooooooo
MTRegLR[u:0.20,eta1:0.800]
Micro confusion matrix:
	0	1
0	162	55
1	18	155
Micro F1:
Class 0: 0.8161	Class 1: 0.8094	
Macro F1:
Class 0: 0.8298	Class 1: 0.7401	

Overall accuracy: 0.8128.
[Info]Training size: 0(0.00), adaptation size: 1500(0.50), and testing size: 390(0.54)
oooooooooooooooxoooooooooooooooooxoooooooooxoooooxooooxoo
MTRegLR[u:0.20,eta1:1.000]
Micro confusion matrix:
	0	1
0	162	61
1	18	149
Micro F1:
Class 0: 0.8040	Class 1: 0.7905	
Macro F1:
Class 0: 0.8216	Class 1: 0.7016	

Overall accuracy: 0.7974.
[Info]Training size: 0(0.00), adaptation size: 1500(0.50), and testing size: 390(0.54)
oooooooooxoooooooooooooooooooooooooooooooooooxoo
MTRegLR[u:0.20,eta1:1.200]
Micro confusion matrix:
	0	1
0	165	64
1	15	146
Micro F1:
Class 0: 0.8068	Class 1: 0.7871	
Macro F1:
Class 0: 0.8259	Class 1: 0.6887	

Overall accuracy: 0.7974.
[Info]Training size: 0(0.00), adaptation size: 1500(0.50), and testing size: 390(0.54)
oooooooooxooooxooooooooooooooooooooooooooxoooxooo
MTRegLR[u:0.20,eta1:1.400]
Micro confusion matrix:
	0	1
0	165	69
1	15	141
Micro F1:
Class 0: 0.7971	Class 1: 0.7705	
Macro F1:
Class 0: 0.8175	Class 1: 0.6572	

Overall accuracy: 0.7846.
[Info]Training size: 0(0.00), adaptation size: 1500(0.50), and testing size: 390(0.54)
oooooooooxoooooooooooooxooooooooxoooooooooooooo
MTRegLR[u:0.20,eta1:1.600]
Micro confusion matrix:
	0	1
0	165	70
1	15	140
Micro F1:
Class 0: 0.7952	Class 1: 0.7671	
Macro F1:
Class 0: 0.8160	Class 1: 0.6483	

Overall accuracy: 0.7821.
[Info]Training size: 0(0.00), adaptation size: 1500(0.50), and testing size: 390(0.54)
oooooooooxooooxooooooooxooooooooooooooooooxoo
MTRegLR[u:0.20,eta1:1.800]
Micro confusion matrix:
	0	1
0	165	70
1	15	140
Micro F1:
Class 0: 0.7952	Class 1: 0.7671	
Macro F1:
Class 0: 0.8160	Class 1: 0.6483	

Overall accuracy: 0.7821.
[Info]Training size: 0(0.00), adaptation size: 1500(0.50), and testing size: 390(0.54)
ooooooooooooooxooooooooxoooooxooooxoooooxooooo
MTRegLR[u:0.20,eta1:2.000]
Micro confusion matrix:
	0	1
0	165	70
1	15	140
Micro F1:
Class 0: 0.7952	Class 1: 0.7671	
Macro F1:
Class 0: 0.8160	Class 1: 0.6483	

Overall accuracy: 0.7821.
[Info]Training size: 0(0.00), adaptation size: 1500(0.50), and testing size: 390(0.54)
oooooooooooooooxoooooooooxooooooooooooooooooooooooooooxoooooooooooooooooooooooooooooooooxoooooooooxo
ooooxooooooooooo
MTRegLR[u:0.30,eta1:0.200]
Micro confusion matrix:
	0	1
0	153	36
1	27	174
Micro F1:
Class 0: 0.8293	Class 1: 0.8467	
Macro F1:
Class 0: 0.8393	Class 1: 0.7913	

Overall accuracy: 0.8385.
[Info]Training size: 0(0.00), adaptation size: 1500(0.50), and testing size: 390(0.54)
oooooooooooooooooooooooooooooooxoooooooooooooooooooxooooooooxooooooooxooooxooooooooxooooo
MTRegLR[u:0.30,eta1:0.400]
Micro confusion matrix:
	0	1
0	158	46
1	22	164
Micro F1:
Class 0: 0.8229	Class 1: 0.8283	
Macro F1:
Class 0: 0.8327	Class 1: 0.7703	

Overall accuracy: 0.8256.
[Info]Training size: 0(0.00), adaptation size: 1500(0.50), and testing size: 390(0.54)
oooooooooooooooooooxoooooooooooooooooooooooooxoooooooooxoooooooooooooooo
MTRegLR[u:0.30,eta1:0.600]
Micro confusion matrix:
	0	1
0	161	55
1	19	155
Micro F1:
Class 0: 0.8131	Class 1: 0.8073	
Macro F1:
Class 0: 0.8279	Class 1: 0.7370	

Overall accuracy: 0.8103.
[Info]Training size: 0(0.00), adaptation size: 1500(0.50), and testing size: 390(0.54)
ooooooooooooooooooooooooxooooooooooxoooooxooooxooooooxooxooooooooxoooooooo
MTRegLR[u:0.30,eta1:0.800]
Micro confusion matrix:
	0	1
0	162	56
1	18	154
Micro F1:
Class 0: 0.8141	Class 1: 0.8063	
Macro F1:
Class 0: 0.8286	Class 1: 0.7318	

Overall accuracy: 0.8103.
[Info]Training size: 0(0.00), adaptation size: 1500(0.50), and testing size: 390(0.54)
oooooooooooxooooooooooooooooxooooooooxoooooxoooooooooooooooooxoo
MTRegLR[u:0.30,eta1:1.000]
Micro confusion matrix:
	0	1
0	162	61
1	18	149
Micro F1:
Class 0: 0.8040	Class 1: 0.7905	
Macro F1:
Class 0: 0.8216	Class 1: 0.7016	

Overall accuracy: 0.7974.
[Info]Training size: 0(0.00), adaptation size: 1500(0.50), and testing size: 390(0.54)
ooooooooooooooooooooooooooooxooooooooxooooooooxooooooooxooooo
MTRegLR[u:0.30,eta1:1.200]
Micro confusion matrix:
	0	1
0	165	64
1	15	146
Micro F1:
Class 0: 0.8068	Class 1: 0.7871	
Macro F1:
Class 0: 0.8259	Class 1: 0.6887	

Overall accuracy: 0.7974.
[Info]Training size: 0(0.00), adaptation size: 1500(0.50), and testing size: 390(0.54)
oooooooooooooooxooooooxooooxooooooooooxooooooooooooooxoooooooooxoo
MTRegLR[u:0.30,eta1:1.400]
Micro confusion matrix:
	0	1
0	165	69
1	15	141
Micro F1:
Class 0: 0.7971	Class 1: 0.7705	
Macro F1:
Class 0: 0.8175	Class 1: 0.6572	

Overall accuracy: 0.7846.
[Info]Training size: 0(0.00), adaptation size: 1500(0.50), and testing size: 390(0.54)
ooooooooooxoooooxoooooooooooooxooooooooxooooooooxoooooxoo
MTRegLR[u:0.30,eta1:1.600]
Micro confusion matrix:
	0	1
0	165	70
1	15	140
Micro F1:
Class 0: 0.7952	Class 1: 0.7671	
Macro F1:
Class 0: 0.8160	Class 1: 0.6483	

Overall accuracy: 0.7821.
[Info]Training size: 0(0.00), adaptation size: 1500(0.50), and testing size: 390(0.54)
ooooooooooxoooooxoooxooooooooxooooooooxooooooooooooooxoo
MTRegLR[u:0.30,eta1:1.800]
Micro confusion matrix:
	0	1
0	165	70
1	15	140
Micro F1:
Class 0: 0.7952	Class 1: 0.7671	
Macro F1:
Class 0: 0.8160	Class 1: 0.6483	

Overall accuracy: 0.7821.
[Info]Training size: 0(0.00), adaptation size: 1500(0.50), and testing size: 390(0.54)
ooooooooooxoooooooooooooooooooooooooxoooooooooo
MTRegLR[u:0.30,eta1:2.000]
Micro confusion matrix:
	0	1
0	165	70
1	15	140
Micro F1:
Class 0: 0.7952	Class 1: 0.7671	
Macro F1:
Class 0: 0.8160	Class 1: 0.6483	

Overall accuracy: 0.7821.
[Info]Training size: 0(0.00), adaptation size: 1500(0.50), and testing size: 390(0.54)
ooooooooooooooooooooooooxooooooooxooooooooooooooooooooooooxooooxoooooooooxoooooooooooooooooooooooooo
oooooxooxooooooooooooooooooooooooo
MTRegLR[u:0.40,eta1:0.200]
Micro confusion matrix:
	0	1
0	153	36
1	27	174
Micro F1:
Class 0: 0.8293	Class 1: 0.8467	
Macro F1:
Class 0: 0.8393	Class 1: 0.7913	

Overall accuracy: 0.8385.
[Info]Training size: 0(0.00), adaptation size: 1500(0.50), and testing size: 390(0.54)
oooooooooooooooooooooooooooooooooooooooooooooooxoooooooooooooooooooooooxooooooooooxoooooooooxooooooo
oxoooooooxooo
MTRegLR[u:0.40,eta1:0.400]
Micro confusion matrix:
	0	1
0	158	46
1	22	164
Micro F1:
Class 0: 0.8229	Class 1: 0.8283	
Macro F1:
Class 0: 0.8327	Class 1: 0.7703	

Overall accuracy: 0.8256.
[Info]Training size: 0(0.00), adaptation size: 1500(0.50), and testing size: 390(0.54)
oooooooooooooooooooxoooooooooooooooooooooooooxoooooooooooooooooooooxoooooooooooxoooooxooooooooo
MTRegLR[u:0.40,eta1:0.600]
Micro confusion matrix:
	0	1
0	161	55
1	19	155
Micro F1:
Class 0: 0.8131	Class 1: 0.8073	
Macro F1:
Class 0: 0.8279	Class 1: 0.7370	

Overall accuracy: 0.8103.
[Info]Training size: 0(0.00), adaptation size: 1500(0.50), and testing size: 390(0.54)
ooooooooooooooooooxoxoooxoooooooooooooooooooooxooxooooooxooooooooooooooxoooxoooooxoooxooo
MTRegLR[u:0.40,eta1:0.800]
Micro confusion matrix:
	0	1
0	162	55
1	18	155
Micro F1:
Class 0: 0.8161	Class 1: 0.8094	
Macro F1:
Class 0: 0.8298	Class 1: 0.7401	

Overall accuracy: 0.8128.
[Info]Training size: 0(0.00), adaptation size: 1500(0.50), and testing size: 390(0.54)
oooooooxoooooooooooooooooxoooxoooooooooooooxoooooooooooxooooooooxooooooooxooooooxooxoo
MTRegLR[u:0.40,eta1:1.000]
Micro confusion matrix:
	0	1
0	162	61
1	18	149
Micro F1:
Class 0: 0.8040	Class 1: 0.7905	
Macro F1:
Class 0: 0.8216	Class 1: 0.7016	

Overall accuracy: 0.7974.
[Info]Training size: 0(0.00), adaptation size: 1500(0.50), and testing size: 390(0.54)
oooooooxoooooooooxooooooooxoooooooxoooooooooooooooooxooooooxoooooooxooxoo
MTRegLR[u:0.40,eta1:1.200]
Micro confusion matrix:
	0	1
0	165	64
1	15	146
Micro F1:
Class 0: 0.8068	Class 1: 0.7871	
Macro F1:
Class 0: 0.8259	Class 1: 0.6887	

Overall accuracy: 0.7974.
[Info]Training size: 0(0.00), adaptation size: 1500(0.50), and testing size: 390(0.54)
oooooooxoooooooooxooooooooxoooooxooooxoooooooooooooooooooxooooxooooooooooxooo
MTRegLR[u:0.40,eta1:1.400]
Micro confusion matrix:
	0	1
0	165	69
1	15	141
Micro F1:
Class 0: 0.7971	Class 1: 0.7705	
Macro F1:
Class 0: 0.8175	Class 1: 0.6572	

Overall accuracy: 0.7846.
[Info]Training size: 0(0.00), adaptation size: 1500(0.50), and testing size: 390(0.54)
ooooooooooooooooooooooooooxooooooooxoooooooooxoooooooooooooooxooooxooo
MTRegLR[u:0.40,eta1:1.600]
Micro confusion matrix:
	0	1
0	165	70
1	15	140
Micro F1:
Class 0: 0.7952	Class 1: 0.7671	
Macro F1:
Class 0: 0.8160	Class 1: 0.6483	

Overall accuracy: 0.7821.
[Info]Training size: 0(0.00), adaptation size: 1500(0.50), and testing size: 390(0.54)
oooooooooooooooooxooooooooxoooooxoooxoooooxooooooooooooooooooo
MTRegLR[u:0.40,eta1:1.800]
Micro confusion matrix:
	0	1
0	165	70
1	15	140
Micro F1:
Class 0: 0.7952	Class 1: 0.7671	
Macro F1:
Class 0: 0.8160	Class 1: 0.6483	

Overall accuracy: 0.7821.
[Info]Training size: 0(0.00), adaptation size: 1500(0.50), and testing size: 390(0.54)
ooooooooooooooooooooooooxoooxoooooxoooxoooooxooooooooooooxoooooo
MTRegLR[u:0.40,eta1:2.000]
Micro confusion matrix:
	0	1
0	165	70
1	15	140
Micro F1:
Class 0: 0.7952	Class 1: 0.7671	
Macro F1:
Class 0: 0.8160	Class 1: 0.6483	

Overall accuracy: 0.7821.
[Info]Training size: 0(0.00), adaptation size: 1500(0.50), and testing size: 390(0.54)
ooooooooooooooooooxooooooooooooooooooooooxoooxooooooooxooooooooooooooooooxooooooooxooooooooooooooxoo
ooooooooxoooooooooooooxoooooooooooooxoooooooooxoooooxoooxooooooooxooo
MTRegLR[u:0.50,eta1:0.200]
Micro confusion matrix:
	0	1
0	153	36
1	27	174
Micro F1:
Class 0: 0.8293	Class 1: 0.8467	
Macro F1:
Class 0: 0.8393	Class 1: 0.7913	

Overall accuracy: 0.8385.
[Info]Training size: 0(0.00), adaptation size: 1500(0.50), and testing size: 390(0.54)
ooooooooooooooooooooooooxoooooooxooooooooxooooooooxoooooooooooooooxooooxoooooxoooooooooooooooxoooooo
xoxooooooooxooooooooooooxooooxoooooooooxoooooxoooooo
MTRegLR[u:0.50,eta1:0.400]
Micro confusion matrix:
	0	1
0	158	46
1	22	164
Micro F1:
Class 0: 0.8229	Class 1: 0.8283	
Macro F1:
Class 0: 0.8327	Class 1: 0.7703	

Overall accuracy: 0.8256.
[Info]Training size: 0(0.00), adaptation size: 1500(0.50), and testing size: 390(0.54)
ooooooooooooooooooxooooooooxooooooooooooooooooooooxoooooooooooooooxooxooooooooxooooooooooooooooooooo
oooooooooooxooo
MTRegLR[u:0.50,eta1:0.600]
Micro confusion matrix:
	0	1
0	161	55
1	19	155
Micro F1:
Class 0: 0.8131	Class 1: 0.8073	
Macro F1:
Class 0: 0.8279	Class 1: 0.7370	

Overall accuracy: 0.8103.
[Info]Training size: 0(0.00), adaptation size: 1500(0.50), and testing size: 390(0.54)
oooooooooooooooooxooooooooxoooooooooooooooooxoooooxooooooooxooooooooxoooooooxooooooooxoooxoooooxoooo
ooooxooxoooo
MTRegLR[u:0.50,eta1:0.800]
Micro confusion matrix:
	0	1
0	162	55
1	18	155
Micro F1:
Class 0: 0.8161	Class 1: 0.8094	
Macro F1:
Class 0: 0.8298	Class 1: 0.7401	

Overall accuracy: 0.8128.
[Info]Training size: 0(0.00), adaptation size: 1500(0.50), and testing size: 390(0.54)
oooooooxooooooooooxoooooxooooooooooooxoooooooooooooxoooooooooooooxoooooooooooxooooooooxooooxoooooooo
ooo
MTRegLR[u:0.50,eta1:1.000]
Micro confusion matrix:
	0	1
0	162	61
1	18	149
Micro F1:
Class 0: 0.8040	Class 1: 0.7905	
Macro F1:
Class 0: 0.8216	Class 1: 0.7016	

Overall accuracy: 0.7974.
[Info]Training size: 0(0.00), adaptation size: 1500(0.50), and testing size: 390(0.54)
oooooooxooooooooooooooooooooooooxooooooooxoooooooooxooooooxooooxooooooooooooooooooxoooooooooxooooooo

MTRegLR[u:0.50,eta1:1.200]
Micro confusion matrix:
	0	1
0	165	64
1	15	146
Micro F1:
Class 0: 0.8068	Class 1: 0.7871	
Macro F1:
Class 0: 0.8259	Class 1: 0.6887	

Overall accuracy: 0.7974.
[Info]Training size: 0(0.00), adaptation size: 1500(0.50), and testing size: 390(0.54)
oooooooxoooooooooooooooxooooooooooxooooooooxoooooxoooxoooooxooooxoooooooooxoooooxoooooxooooooooxooo
MTRegLR[u:0.50,eta1:1.400]
Micro confusion matrix:
	0	1
0	165	69
1	15	141
Micro F1:
Class 0: 0.7971	Class 1: 0.7705	
Macro F1:
Class 0: 0.8175	Class 1: 0.6572	

Overall accuracy: 0.7846.
[Info]Training size: 0(0.00), adaptation size: 1500(0.50), and testing size: 390(0.54)
oooooooxooooooooooooxoooooxoooooooooxoooooooooooooooooooooooooooooooooxoooxoooooxoooooooooooxooooooo
oooooooo
MTRegLR[u:0.50,eta1:1.600]
Micro confusion matrix:
	0	1
0	165	70
1	15	140
Micro F1:
Class 0: 0.7952	Class 1: 0.7671	
Macro F1:
Class 0: 0.8160	Class 1: 0.6483	

Overall accuracy: 0.7821.
[Info]Training size: 0(0.00), adaptation size: 1500(0.50), and testing size: 390(0.54)
ooooooooooooooooooxooxoooooxooooooooxoooooooooxooooooxooooooooxoooooooooooooxooooooooooo
MTRegLR[u:0.50,eta1:1.800]
Micro confusion matrix:
	0	1
0	165	70
1	15	140
Micro F1:
Class 0: 0.7952	Class 1: 0.7671	
Macro F1:
Class 0: 0.8160	Class 1: 0.6483	

Overall accuracy: 0.7821.
[Info]Training size: 0(0.00), adaptation size: 1500(0.50), and testing size: 390(0.54)
oooooooooooooooooooxooooooooooxoooooxoooooooooxooooooooooooooooooxooxooooooxooxooooooo
MTRegLR[u:0.50,eta1:2.000]
Micro confusion matrix:
	0	1
0	165	70
1	15	140
Micro F1:
Class 0: 0.7952	Class 1: 0.7671	
Macro F1:
Class 0: 0.8160	Class 1: 0.6483	

Overall accuracy: 0.7821.
[Info]Training size: 0(0.00), adaptation size: 1500(0.50), and testing size: 390(0.54)
oooooooooooooooxooooooooxoooooxooooxoooooxooooxoooooxooooxooooooooooooxooooooooooooxoooooxooooxooooo
ooooxooooooooxooooooooxoooooooooooooooxooooooooxoooooxooooxoooooooooxoooooxoooxoooooooooooooooxooooo
oooooooooooxoooooxoo
MTRegLR[u:0.60,eta1:0.200]
Micro confusion matrix:
	0	1
0	153	36
1	27	174
Micro F1:
Class 0: 0.8293	Class 1: 0.8467	
Macro F1:
Class 0: 0.8393	Class 1: 0.7913	

Overall accuracy: 0.8385.
[Info]Training size: 0(0.00), adaptation size: 1500(0.50), and testing size: 390(0.54)
ooooooooooooooooooooooooooooooxoooooooooooxoooooooxooooooooxoooooooooxoooooooooooooooooxooooooooxooo
ooxooooxoooooooooooooxooooxoooooxooooxoooooooooxoooooooooooooooooooooooooxooooooooooooooooxoooo
MTRegLR[u:0.60,eta1:0.400]
Micro confusion matrix:
	0	1
0	158	46
1	22	164
Micro F1:
Class 0: 0.8229	Class 1: 0.8283	
Macro F1:
Class 0: 0.8327	Class 1: 0.7703	

Overall accuracy: 0.8256.
[Info]Training size: 0(0.00), adaptation size: 1500(0.50), and testing size: 390(0.54)
oooooooooooooooooooooooooooxoooooxooooxooooooxooxoooooooxooooooooooooooxooooxooooooxooooxoooooxooooo
ooooxooooooooxoooxoooooooooooooooooxoooooooooooooooooooooooooooxoo
MTRegLR[u:0.60,eta1:0.600]
Micro confusion matrix:
	0	1
0	161	55
1	19	155
Micro F1:
Class 0: 0.8131	Class 1: 0.8073	
Macro F1:
Class 0: 0.8279	Class 1: 0.7370	

Overall accuracy: 0.8103.
[Info]Training size: 0(0.00), adaptation size: 1500(0.50), and testing size: 390(0.54)
ooooooooooooooooxooxooxooooooooooooooooooooooxoooooooooooooooooooooooxoooxoooooxoooxoooooxoooxoooooo
ooooooooxoooooooooooooooxooooooooxooooooooooxoo
MTRegLR[u:0.60,eta1:0.800]
Micro confusion matrix:
	0	1
0	162	55
1	18	155
Micro F1:
Class 0: 0.8161	Class 1: 0.8094	
Macro F1:
Class 0: 0.8298	Class 1: 0.7401	

Overall accuracy: 0.8128.
[Info]Training size: 0(0.00), adaptation size: 1500(0.50), and testing size: 390(0.54)
ooooooooxooxoooooooooxooooooooooooooooooooooooooooooooxoooooxooooooooooooxooooooooxooooooooxooooooxo
oooooooooooooooxoooooooooo
MTRegLR[u:0.60,eta1:1.000]
Micro confusion matrix:
	0	1
0	162	61
1	18	149
Micro F1:
Class 0: 0.8040	Class 1: 0.7905	
Macro F1:
Class 0: 0.8216	Class 1: 0.7016	

Overall accuracy: 0.7974.
[Info]Training size: 0(0.00), adaptation size: 1500(0.50), and testing size: 390(0.54)
ooooooooxooxooooooooxoooooxoooooooxoooooooooooooooooooooooooooxooooooooxooooooooooooooooooooooxoooox
oooooooooxooooooooxooooooxoooooo
MTRegLR[u:0.60,eta1:1.200]
Micro confusion matrix:
	0	1
0	165	64
1	15	146
Micro F1:
Class 0: 0.8068	Class 1: 0.7871	
Macro F1:
Class 0: 0.8259	Class 1: 0.6887	

Overall accuracy: 0.7974.
[Info]Training size: 0(0.00), adaptation size: 1500(0.50), and testing size: 390(0.54)
ooooooooxooooooooxooxoooooooxooxooooooooooooxoooooooooxooooooooooxooooooooxooooooooxooooooooxoooooox
oooooooooooooxooo
MTRegLR[u:0.60,eta1:1.400]
Micro confusion matrix:
	0	1
0	165	69
1	15	141
Micro F1:
Class 0: 0.7971	Class 1: 0.7705	
Macro F1:
Class 0: 0.8175	Class 1: 0.6572	

Overall accuracy: 0.7846.
[Info]Training size: 0(0.00), adaptation size: 1500(0.50), and testing size: 390(0.54)
ooooooooxooooooooooooooooooooooooooooooooooooooooxoooooxooooxooooooooxoooooxoooooooooooooooooooooooo
oooooooooo
MTRegLR[u:0.60,eta1:1.600]
Micro confusion matrix:
	0	1
0	165	70
1	15	140
Micro F1:
Class 0: 0.7952	Class 1: 0.7671	
Macro F1:
Class 0: 0.8160	Class 1: 0.6483	

Overall accuracy: 0.7821.
[Info]Training size: 0(0.00), adaptation size: 1500(0.50), and testing size: 390(0.54)
ooooooooxoooooooooooxoooxooxooooooooooooooooooooooxooxoooooooooooooooxooooooooxooooooooxooooooooooo
MTRegLR[u:0.60,eta1:1.800]
Micro confusion matrix:
	0	1
0	165	70
1	15	140
Micro F1:
Class 0: 0.7952	Class 1: 0.7671	
Macro F1:
Class 0: 0.8160	Class 1: 0.6483	

Overall accuracy: 0.7821.
[Info]Training size: 0(0.00), adaptation size: 1500(0.50), and testing size: 390(0.54)
ooooooooxoooooooooooxooooooxooxoooooooxoooooxooooooooooooxooooooooooooooooxooooooooxoooooxoooooxoooo
ooooxoooooo
MTRegLR[u:0.60,eta1:2.000]
Micro confusion matrix:
	0	1
0	165	70
1	15	140
Micro F1:
Class 0: 0.7952	Class 1: 0.7671	
Macro F1:
Class 0: 0.8160	Class 1: 0.6483	

Overall accuracy: 0.7821.
[Info]Training size: 0(0.00), adaptation size: 1500(0.50), and testing size: 390(0.54)
ooooooooooooooooooxooxooooooxooooooooxoooooooxoooooooooooooooooooooooooooooooxoooooooooooooxoooooxoo
ooxooooooooxooooooooooxooooooooooxoooooxooooooooooooooooooooxooooooooxoooooxooooooooooooooooxooooooo
oooxoooooooooooooo
MTRegLR[u:0.70,eta1:0.200]
Micro confusion matrix:
	0	1
0	153	36
1	27	174
Micro F1:
Class 0: 0.8293	Class 1: 0.8467	
Macro F1:
Class 0: 0.8393	Class 1: 0.7913	

Overall accuracy: 0.8385.
[Info]Training size: 0(0.00), adaptation size: 1500(0.50), and testing size: 390(0.54)
oooooooooooooooooooxoooooooooooooxoooxooooooooooooooooooooooxooooooooxooooooooxooooooooxoooooooxoxoo
oooooxooooooooxooooooooxooooooooooooooxoooxooooooooooooooooooooooxooooooooxoooooxoo
MTRegLR[u:0.70,eta1:0.400]
Micro confusion matrix:
	0	1
0	158	46
1	22	164
Micro F1:
Class 0: 0.8229	Class 1: 0.8283	
Macro F1:
Class 0: 0.8327	Class 1: 0.7703	

Overall accuracy: 0.8256.
[Info]Training size: 0(0.00), adaptation size: 1500(0.50), and testing size: 390(0.54)
oooooooooooooooooooooooooxoxooooooxoooooooooooooooooooooooxooooooooxoooooooxoooooxooooxoooooooooxooo
ooooooooooooooooooooooooooooxooooooooooooxooooxooooxoooooooooooooooooxooooooxooooooooooo
MTRegLR[u:0.70,eta1:0.600]
Micro confusion matrix:
	0	1
0	161	55
1	19	155
Micro F1:
Class 0: 0.8131	Class 1: 0.8073	
Macro F1:
Class 0: 0.8279	Class 1: 0.7370	

Overall accuracy: 0.8103.
[Info]Training size: 0(0.00), adaptation size: 1500(0.50), and testing size: 390(0.54)
ooooooooooooooooooooooooxooxooooxoooooxooooooooooooooooxoooxoooooooooxoooooxooooxooooooooxooooxooooo
oooooooooooooxooooxooooooooxoooooxooooxoooooxooooxoooooooooooooooxooooooooooxooooooooooo
MTRegLR[u:0.70,eta1:0.800]
Micro confusion matrix:
	0	1
0	162	55
1	18	155
Micro F1:
Class 0: 0.8161	Class 1: 0.8094	
Macro F1:
Class 0: 0.8298	Class 1: 0.7401	

Overall accuracy: 0.8128.
[Info]Training size: 0(0.00), adaptation size: 1500(0.50), and testing size: 390(0.54)
ooooooooooooooooooooooooooooxooooooooooooxooooxooooooooooooooooooooooxoooooooooxooooxoooooxooooxoooo
oooooxooooooxooxoooooooxooooooooooooooooxoooooooooo
MTRegLR[u:0.70,eta1:1.000]
Micro confusion matrix:
	0	1
0	162	61
1	18	149
Micro F1:
Class 0: 0.8040	Class 1: 0.7905	
Macro F1:
Class 0: 0.8216	Class 1: 0.7016	

Overall accuracy: 0.7974.
[Info]Training size: 0(0.00), adaptation size: 1500(0.50), and testing size: 390(0.54)
ooooooooooooooooooooooooxooooooooxooooooxooxooooooooxooooooooooooxoooooooooooooooooooooooooooooxoooo
ooooxoooooooooooooooooooooxoooxooooo
MTRegLR[u:0.70,eta1:1.200]
Micro confusion matrix:
	0	1
0	165	64
1	15	146
Micro F1:
Class 0: 0.8068	Class 1: 0.7871	
Macro F1:
Class 0: 0.8259	Class 1: 0.6887	

Overall accuracy: 0.7974.
[Info]Training size: 0(0.00), adaptation size: 1500(0.50), and testing size: 390(0.54)
oooooooooooooooooxoooooooooooooooxoooooooooxooooooxooooooooxoooooooooooooxoooooooooxooxooooooxooxooo
ooxoooxoooooooooooooxooooooooooooooooooooo
MTRegLR[u:0.70,eta1:1.400]
Micro confusion matrix:
	0	1
0	165	69
1	15	141
Micro F1:
Class 0: 0.7971	Class 1: 0.7705	
Macro F1:
Class 0: 0.8175	Class 1: 0.6572	

Overall accuracy: 0.7846.
[Info]Training size: 0(0.00), adaptation size: 1500(0.50), and testing size: 390(0.54)
oooooooooooooooooxoooxoooooxooooooooooooooooxoooooooxoooooooxooxoooooooxooxoooooooooooxoooooooooxooo
oooxooooooooooooxoooooooooxooooooooooo
MTRegLR[u:0.70,eta1:1.600]
Micro confusion matrix:
	0	1
0	165	70
1	15	140
Micro F1:
Class 0: 0.7952	Class 1: 0.7671	
Macro F1:
Class 0: 0.8160	Class 1: 0.6483	

Overall accuracy: 0.7821.
[Info]Training size: 0(0.00), adaptation size: 1500(0.50), and testing size: 390(0.54)
oooooooooooooooooxoooxoooooxooooooooooooooooooooooooooxoooxoooooxoooxooooooxooooooooxooooxoooooooooo
oooooooxoooooooooooooxooooooooxoooooxo
MTRegLR[u:0.70,eta1:1.800]
Micro confusion matrix:
	0	1
0	165	70
1	15	140
Micro F1:
Class 0: 0.7952	Class 1: 0.7671	
Macro F1:
Class 0: 0.8160	Class 1: 0.6483	

Overall accuracy: 0.7821.
[Info]Training size: 0(0.00), adaptation size: 1500(0.50), and testing size: 390(0.54)
oooooooooooooooooooooooooxooooooooooooooxoooxoooooooooooooxoooxoooooxoooooooooooxoooooxoooooooooooox
ooooooxooxooooooooooooooxoo
MTRegLR[u:0.70,eta1:2.000]
Micro confusion matrix:
	0	1
0	165	70
1	15	140
Micro F1:
Class 0: 0.7952	Class 1: 0.7671	
Macro F1:
Class 0: 0.8160	Class 1: 0.6483	

Overall accuracy: 0.7821.
[Info]Training size: 0(0.00), adaptation size: 1500(0.50), and testing size: 390(0.54)
oooooooooooooooooooooooooooxoooooxooxooooooooooxoooooooooxoooooooooxoooxooooooooxoooooxoooxoooooooox
ooooooxooxoooooxooooooooooooooooxooooooooooooxoooooooooooooxooooooooooooooxooooooooooooooooxoooooooo
oxooooooooooooooxoooxooooooooooooooooxooooooooooooooooooooooxooooooooooooooxoxoooooooooxo
MTRegLR[u:0.80,eta1:0.200]
Micro confusion matrix:
	0	1
0	153	36
1	27	174
Micro F1:
Class 0: 0.8293	Class 1: 0.8467	
Macro F1:
Class 0: 0.8393	Class 1: 0.7913	

Overall accuracy: 0.8385.
[Info]Training size: 0(0.00), adaptation size: 1500(0.50), and testing size: 390(0.54)
oooooooooooooooooooooooooxoooooooxooooooooxooooooooooooooooooxooooooxooooooooooxoooooooooxoooooooooo
oooxoooooooooxoooooxooooooooxoooooxoooxooooooxoooooooooooxoooooooooxooooooooooooooooooooxooooooooxoo
oooooxoooooooooxoooooooooooooxooxoooooooooooooooxooo
MTRegLR[u:0.80,eta1:0.400]
Micro confusion matrix:
	0	1
0	158	46
1	22	164
Micro F1:
Class 0: 0.8229	Class 1: 0.8283	
Macro F1:
Class 0: 0.8327	Class 1: 0.7703	

Overall accuracy: 0.8256.
[Info]Training size: 0(0.00), adaptation size: 1500(0.50), and testing size: 390(0.54)
oooooooooooooooooooooooooooxoooooooxooooooooooooooxoooooxooooooooxoooooooooooooooooxooooxooooooooooo
oxooooxooooxooooooooxooooxooooooooooooooooooooooooooooooooooxoooooooxooooxoooooooooooo
MTRegLR[u:0.80,eta1:0.600]
Micro confusion matrix:
	0	1
0	161	55
1	19	155
Micro F1:
Class 0: 0.8131	Class 1: 0.8073	
Macro F1:
Class 0: 0.8279	Class 1: 0.7370	

Overall accuracy: 0.8103.
[Info]Training size: 0(0.00), adaptation size: 1500(0.50), and testing size: 390(0.54)
oooooooooooooooooooooooooxoooooxoooxoooooooxooooooooxoooooooooooooooxooooooooxooooooooooooooxooxoooo
ooxooxooooooooxooooooxooooooooxoooooooooooooooooooooooooooooxoooooooooooooooooxoooo
MTRegLR[u:0.80,eta1:0.800]
Micro confusion matrix:
	0	1
0	162	56
1	18	154
Micro F1:
Class 0: 0.8141	Class 1: 0.8063	
Macro F1:
Class 0: 0.8286	Class 1: 0.7318	

Overall accuracy: 0.8103.
[Info]Training size: 0(0.00), adaptation size: 1500(0.50), and testing size: 390(0.54)
oooooooooooooooooxoooooooooooxoooooxooooooooooooxooooooooxoooooxoooxooooooooxooooooooooooxoooxooooox
oooooooooooooooooooooooxoooooxooooooooooooooooooxooooooooooooooooooooooxoooooooooxooxoooooxoo
MTRegLR[u:0.80,eta1:1.000]
Micro confusion matrix:
	0	1
0	162	61
1	18	149
Micro F1:
Class 0: 0.8040	Class 1: 0.7905	
Macro F1:
Class 0: 0.8216	Class 1: 0.7016	

Overall accuracy: 0.7974.
[Info]Training size: 0(0.00), adaptation size: 1500(0.50), and testing size: 390(0.54)
oooooooooooxooooooooooooooooooooxooxooooooooxooooooooxooooooooooooooxooooooooxooooooooxoooooooooxooo
ooooooxooooooxooxoooooooooooooxoooxoooooxooooxooooooooooooooxooooooooooooooxooxoooxoo
MTRegLR[u:0.80,eta1:1.200]
Micro confusion matrix:
	0	1
0	165	64
1	15	146
Micro F1:
Class 0: 0.8068	Class 1: 0.7871	
Macro F1:
Class 0: 0.8259	Class 1: 0.6887	

Overall accuracy: 0.7974.
[Info]Training size: 0(0.00), adaptation size: 1500(0.50), and testing size: 390(0.54)
oooooooooooooooooooxooooooooxooooooooooooooooooxooooooooooooooooxooooooooxooooxooooxoooooooooooooooo
ooooxooooooooooxoxoooooooooooooooooooooooooooooxoooooxoooooxooo
MTRegLR[u:0.80,eta1:1.400]
Micro confusion matrix:
	0	1
0	165	69
1	15	141
Micro F1:
Class 0: 0.7971	Class 1: 0.7705	
Macro F1:
Class 0: 0.8175	Class 1: 0.6572	

Overall accuracy: 0.7846.
[Info]Training size: 0(0.00), adaptation size: 1500(0.50), and testing size: 390(0.54)
ooooooooooooxooooooxoxoooooooooooooooxooooooxoooooooooooooxoooooxoooooooooooooooxoooooooooxooooooooo
ooooxooooooooxoooooooxooooooxooooooxoooooooooooxooooooxooooxooo
MTRegLR[u:0.80,eta1:1.600]
Micro confusion matrix:
	0	1
0	165	70
1	15	140
Micro F1:
Class 0: 0.7952	Class 1: 0.7671	
Macro F1:
Class 0: 0.8160	Class 1: 0.6483	

Overall accuracy: 0.7821.
[Info]Training size: 0(0.00), adaptation size: 1500(0.50), and testing size: 390(0.54)
oooooooooxooooooooooooooxooooxoooooooooxooooooooxooooooxooxoooooooooooooooxoooooooxooooooooxoooooooo
oxooooxoooooooooxooooxoooooxoooooooxooooooooooooooooxooooo
MTRegLR[u:0.80,eta1:1.800]
Micro confusion matrix:
	0	1
0	165	70
1	15	140
Micro F1:
Class 0: 0.7952	Class 1: 0.7671	
Macro F1:
Class 0: 0.8160	Class 1: 0.6483	

Overall accuracy: 0.7821.
[Info]Training size: 0(0.00), adaptation size: 1500(0.50), and testing size: 390(0.54)
oooooooooxooooooooooxooooooooxoooooooooxooooooooxoooooooooxooooxoooooooooooooooooooooooxoooooxooooxo
ooooooxooooooooxooooooooxoooooooooooooooooxooooxooo
MTRegLR[u:0.80,eta1:2.000]
Micro confusion matrix:
	0	1
0	165	70
1	15	140
Micro F1:
Class 0: 0.7952	Class 1: 0.7671	
Macro F1:
Class 0: 0.8160	Class 1: 0.6483	

Overall accuracy: 0.7821.
[Info]Training size: 0(0.00), adaptation size: 1500(0.50), and testing size: 390(0.54)
oooooooooooooooooxoooooooooooooooooxoooooooooxooooooooxoooooooxoooooooxooooooooxooooooooxoooooxooooo
ooooxooooooooooxooxoooooxooooooooxoooooooxooooooooooooooooooooooxooooxooooooooxoooooooxooooooooooooo
xooooooooooooooooooooxooooxooooxooooxoooooxooooooooooooxoooooooooooooooxoooooxooooxoooooooooooooooxo
oooooxooxooooooooooxoooooxoo
MTRegLR[u:0.90,eta1:0.200]
Micro confusion matrix:
	0	1
0	153	36
1	27	174
Micro F1:
Class 0: 0.8293	Class 1: 0.8467	
Macro F1:
Class 0: 0.8393	Class 1: 0.7913	

Overall accuracy: 0.8385.
[Info]Training size: 0(0.00), adaptation size: 1500(0.50), and testing size: 390(0.54)
oooooooooooxoooooooooooooooooooxooxoooooooooxooooxoooooooooxoooooooooxoooooooxooooooooxoooooxooooxoo
ooooooooooooooooxooooooooxooooooooooooooooooxooooooooooooooooooooooxooooxooooooooxooooooooooooxooooo
xoooooxoooooooooxoooooooooooooooxooooxoooooooooooooooooooooooooooooooooxooooooooxooo
MTRegLR[u:0.90,eta1:0.400]
Micro confusion matrix:
	0	1
0	158	46
1	22	164
Micro F1:
Class 0: 0.8229	Class 1: 0.8283	
Macro F1:
Class 0: 0.8327	Class 1: 0.7703	

Overall accuracy: 0.8256.
[Info]Training size: 0(0.00), adaptation size: 1500(0.50), and testing size: 390(0.54)
oooooooooooxoooooooooooooooooxoooooxoooooooooooooooxooooooooooxooooooooxoooooooooxooooxooooxoooooooo
xooooooooxoooooooxooooooooxoooooxooooxooooooxoooooxooooooooxooooxooooooooooooooxoooooooooooooooooooo
oooxooooooooxooooooooxooooooooooooooooooooxoo
MTRegLR[u:0.90,eta1:0.600]
Micro confusion matrix:
	0	1
0	161	55
1	19	155
Micro F1:
Class 0: 0.8131	Class 1: 0.8073	
Macro F1:
Class 0: 0.8279	Class 1: 0.7370	

Overall accuracy: 0.8103.
[Info]Training size: 0(0.00), adaptation size: 1500(0.50), and testing size: 390(0.54)
oooooooooooxoooooooooxoooooxooooooooooooooooooooxoooooooooooooxooxoooooxoooxooooooooxooooooooxoooooo
oooooooooxoooooooooooooooxooooooooooooooxoooooooooooooooooooxooooxoooooooooxoooooxooooooooooxooooooo

MTRegLR[u:0.90,eta1:0.800]
Micro confusion matrix:
	0	1
0	162	56
1	18	154
Micro F1:
Class 0: 0.8141	Class 1: 0.8063	
Macro F1:
Class 0: 0.8286	Class 1: 0.7318	

Overall accuracy: 0.8103.
[Info]Training size: 0(0.00), adaptation size: 1500(0.50), and testing size: 390(0.54)
ooooooooooooxooooooxoooooooooxoooooooxooooooxoxoooooooooooooxooooxoooooooooooooooooooooooxooxooooooo
xoooooooooooooxooooooooxooooxoooooxoooooooooooooxoooooooooooooooooooooooxooooxooooooxooooooooxoooooo
ooxooooooooxoooooooooooooooooooxooo
MTRegLR[u:0.90,eta1:1.000]
Micro confusion matrix:
	0	1
0	162	61
1	18	149
Micro F1:
Class 0: 0.8040	Class 1: 0.7905	
Macro F1:
Class 0: 0.8216	Class 1: 0.7016	

Overall accuracy: 0.7974.
[Info]Training size: 0(0.00), adaptation size: 1500(0.50), and testing size: 390(0.54)
oooooooooooooooooooooooooooooooooxooooooooxoooooooooooooooooooooxooooxoooooxooooooooooxooooooxoooooo
ooooooooxoooooooooxoooooxooooxoooooxooooxooooooooooooooooxooooooooxooooooooxooooooooooooooxooooooooo
oooooxoooooooo
MTRegLR[u:0.90,eta1:1.200]
Micro confusion matrix:
	0	1
0	165	64
1	15	146
Micro F1:
Class 0: 0.8068	Class 1: 0.7871	
Macro F1:
Class 0: 0.8259	Class 1: 0.6887	

Overall accuracy: 0.7974.
[Info]Training size: 0(0.00), adaptation size: 1500(0.50), and testing size: 390(0.54)
oxooooooooxooooooooooooooooooooxooxooooooooxooooooxoxoooooooxoooooooxooooooooooooooxoooooooxoooxoooo
oxooooooooxoooxoooooooxooxoooooxooooooooxoooooooooxoooooooxoooooooxooxoooooooooooxooooooo
MTRegLR[u:0.90,eta1:1.400]
Micro confusion matrix:
	0	1
0	165	69
1	15	141
Micro F1:
Class 0: 0.7971	Class 1: 0.7705	
Macro F1:
Class 0: 0.8175	Class 1: 0.6572	

Overall accuracy: 0.7846.
[Info]Training size: 0(0.00), adaptation size: 1500(0.50), and testing size: 390(0.54)
oxooooooooxooooooooxoooooooooooooooxoooooxooooxooooooooxoooooxoooxoooooooooxoooooooooxoooooxoooxoooo
ooooxooooooooxooooooooooooooxoooooxoooooooxooooooooxooooooooooxoooxooooooooooooooooooooooooooooo
MTRegLR[u:0.90,eta1:1.600]
Micro confusion matrix:
	0	1
0	165	70
1	15	140
Micro F1:
Class 0: 0.7952	Class 1: 0.7671	
Macro F1:
Class 0: 0.8160	Class 1: 0.6483	

Overall accuracy: 0.7821.
[Info]Training size: 0(0.00), adaptation size: 1500(0.50), and testing size: 390(0.54)
oxooooooooxoooooooooooooooooxooooooooxoooooooooooooxoooooxoooooooooooooooooooooxoooooxooooooxooooxoo
ooxooooooooooooxoooooooooooooooxooooooooooooooooooooooooooxoooooooooooooooooooooxoooooooo
MTRegLR[u:0.90,eta1:1.800]
Micro confusion matrix:
	0	1
0	165	70
1	15	140
Micro F1:
Class 0: 0.7952	Class 1: 0.7671	
Macro F1:
Class 0: 0.8160	Class 1: 0.6483	

Overall accuracy: 0.7821.
[Info]Training size: 0(0.00), adaptation size: 1500(0.50), and testing size: 390(0.54)
oxooooooooxooooooooxooooooooooooooooxooooooxooooooooxooxooooooxooooooooxoooooooooxoooooooooooooooooo
oooooooooooxoooooooxoooooxoooooooooooooxoooooooooooooooxooooxoooooxoooooxooo
MTRegLR[u:0.90,eta1:2.000]
Micro confusion matrix:
	0	1
0	165	70
1	15	140
Micro F1:
Class 0: 0.7952	Class 1: 0.7671	
Macro F1:
Class 0: 0.8160	Class 1: 0.6483	

Overall accuracy: 0.7821.
[Info]Training size: 0(0.00), adaptation size: 1500(0.50), and testing size: 390(0.54)
oooooooooooxooooooxooooooooxooxooooooooxoooooooxoooxoooooooooxooooooxooooooooxoooooooooooooooxoooooo
ooooooooooooxoooooooooooxooooooooooooooxoooooooooooooooxooooooooxooooooxooxoooooooxooooooooooooooooo
ooxoooooxoooxooooooooxooooooxooxooooooxooooxoooooxooooooooooooooooooooooxooooxooooooooooooooooooooox
ooooooooooooooooooxoooooxoooooooooooooooooooxooooooooooooooooooxooooxoooooxoooooxoooooooooooooooooo
MTRegLR[u:1.00,eta1:0.200]
Micro confusion matrix:
	0	1
0	153	36
1	27	174
Micro F1:
Class 0: 0.8293	Class 1: 0.8467	
Macro F1:
Class 0: 0.8393	Class 1: 0.7913	

Overall accuracy: 0.8385.
[Info]Training size: 0(0.00), adaptation size: 1500(0.50), and testing size: 390(0.54)
oxooooooooooooooooxoooooooxoooooooxooooooooxooooooxooxoooooooxooooooooooooooooooxooooxoooooxoooooooo
xooooxooooooooooooooooooooooxoooxooooooxooooooooxoxooooooooooooxoxooooooooooooooooooxooooooooxoooooo
ooooooooooooooxooooxooooooooooooooooxooooooooxooooooooooooxooooxoooooooooxoooooooooxoooooooooooooooo
ooooooooooooxoooooxoooooooooooooo
MTRegLR[u:1.00,eta1:0.400]
Micro confusion matrix:
	0	1
0	158	46
1	22	164
Micro F1:
Class 0: 0.8229	Class 1: 0.8283	
Macro F1:
Class 0: 0.8327	Class 1: 0.7703	

Overall accuracy: 0.8256.
[Info]Training size: 0(0.00), adaptation size: 1500(0.50), and testing size: 390(0.54)
oxooooooooooxoooooooxoooooooxooooxooooooooxoooooxooooooooooooooooooooooxoooooxoooooxooooxoooooxooooo
ooooxoooooxooooooooooooxoooooxooooxooooooooooooooooooooooooooooooooooooxoooooooooooxoooooooooooooooo
ooxoooooooooooooooooooooxoooooooooooooooooxoooooxoooooooooxoooooxoo
MTRegLR[u:1.00,eta1:0.600]
Micro confusion matrix:
	0	1
0	161	55
1	19	155
Micro F1:
Class 0: 0.8131	Class 1: 0.8073	
Macro F1:
Class 0: 0.8279	Class 1: 0.7370	

Overall accuracy: 0.8103.
[Info]Training size: 0(0.00), adaptation size: 1500(0.50), and testing size: 390(0.54)
oxoooooooooooooooxooooooooxoooooxoooxooooooooxoooooooooxoooooxoooxoooooxooooooooooooooooooooooooooxo
oooooxooxooxoooooxooooooooxoooooxooooxooooooooxoooooxooooxoooooxooooxoooooooooxooooooxooooooooooxooo
ooooooooooooxoooooooooxoooooooooooooooxooooooooxooooooooooo
MTRegLR[u:1.00,eta1:0.800]
Micro confusion matrix:
	0	1
0	162	55
1	18	155
Micro F1:
Class 0: 0.8161	Class 1: 0.8094	
Macro F1:
Class 0: 0.8298	Class 1: 0.7401	

Overall accuracy: 0.8128.
[Info]Training size: 0(0.00), adaptation size: 1500(0.50), and testing size: 390(0.54)
oxoooooooxooooooooxooooooooxoooooooxooooooooooooooooooxooooooooooxooooxooooxoooooxoooooooooooooooooo
oooooooooooooooooooxooooooxooooooooooooooooooooxooooooooooooooooooooxooooooooooooooooooooooooooooooo
oxoooooxoooooooooooooooxooooxoooooxoooooooooxooxooxoooo
MTRegLR[u:1.00,eta1:1.000]
Micro confusion matrix:
	0	1
0	162	61
1	18	149
Micro F1:
Class 0: 0.8040	Class 1: 0.7905	
Macro F1:
Class 0: 0.8216	Class 1: 0.7016	

Overall accuracy: 0.7974.
[Info]Training size: 0(0.00), adaptation size: 1500(0.50), and testing size: 390(0.54)
oxoooooooooooooooooooooooxooxoooooooxooxoooxoooooooooooooooooooxooooooooxooooooooooooooooxoooooooooo
ooooxooooxooooooooooooooooooxoooooooxooooooooxooooooxooxoooooxooooooooooooooooooooooooxoooxooooooooo
oooooooooooooo
MTRegLR[u:1.00,eta1:1.200]
Micro confusion matrix:
	0	1
0	165	64
1	15	146
Micro F1:
Class 0: 0.8068	Class 1: 0.7871	
Macro F1:
Class 0: 0.8259	Class 1: 0.6887	

Overall accuracy: 0.7974.
[Info]Training size: 0(0.00), adaptation size: 1500(0.50), and testing size: 390(0.54)
oxooooooooxoooooooooooxooooxoooooxoooooooooxooooxoooooooooooooxoooooooooooooooooooooxooooooooxooooox
ooooxooooooooooooooooooooooxooooooooooooooooooooooooooooooooooooooooooooxooooxoooooxoooooooooxooooxo
ooooooooxooooooooooooooooooooooxoo
MTRegLR[u:1.00,eta1:1.400]
Micro confusion matrix:
	0	1
0	165	69
1	15	141
Micro F1:
Class 0: 0.7971	Class 1: 0.7705	
Macro F1:
Class 0: 0.8175	Class 1: 0.6572	

Overall accuracy: 0.7846.
[Info]Training size: 0(0.00), adaptation size: 1500(0.50), and testing size: 390(0.54)
oxooooooooxoooooooooooooooooooooxoooooooxooooxoooooxooooxoooooxoooooooooxoxoooxoooooooooxooooxoooxoo
ooooooxooooooooxoooooooxoooooooooooooooxoooooooooooooooooooooxooooooooooooooxoooxooooooooooooooooxoo
oooooooxooo
MTRegLR[u:1.00,eta1:1.600]
Micro confusion matrix:
	0	1
0	165	70
1	15	140
Micro F1:
Class 0: 0.7952	Class 1: 0.7671	
Macro F1:
Class 0: 0.8160	Class 1: 0.6483	

Overall accuracy: 0.7821.
[Info]Training size: 0(0.00), adaptation size: 1500(0.50), and testing size: 390(0.54)
oxooooooooxooooooooooooooooxooooooxooxoooooxooxooooooooxoooooooxoooooooooxooooooooxooooooooooooxoooo
oooooooooooooooooooooooxoooooxooooxoooooxooooooooxooooxooooxoooooooooxooooooooxoooooxoooooxooo
MTRegLR[u:1.00,eta1:1.800]
Micro confusion matrix:
	0	1
0	165	70
1	15	140
Micro F1:
Class 0: 0.7952	Class 1: 0.7671	
Macro F1:
Class 0: 0.8160	Class 1: 0.6483	

Overall accuracy: 0.7821.
[Info]Training size: 0(0.00), adaptation size: 1500(0.50), and testing size: 390(0.54)
oxooooooooxoooooooooooooooooxoooooxoooxoooooooooooooxooxooooooooooooooxooooooooooooooxooxoooooooxooo
oooooooooooooxooooooooooooooooooxoooooxoooooxooooooooooooooooooooooxooooxooooxoooooooooooooooooo
MTRegLR[u:1.00,eta1:2.000]
Micro confusion matrix:
	0	1
0	165	70
1	15	140
Micro F1:
Class 0: 0.7952	Class 1: 0.7671	
Macro F1:
Class 0: 0.8160	Class 1: 0.6483	

Overall accuracy: 0.7821.
[Info]Training size: 0(0.00), adaptation size: 1500(0.50), and testing size: 390(0.54)
..............*
optimization finished, #iter = 141
Objective value = -2734.71
nSV = 950
Global-SVM[C:5.000,bias:true]
Micro confusion matrix:
	0	1
0	139	11
1	41	199
Micro F1:
Class 0: 0.8424	Class 1: 0.8844	
Macro F1:
Class 0: 0.8536	Class 1: 0.8738	

Overall accuracy: 0.8667.
[Info]Training size: 0(0.00), adaptation size: 1500(0.50), and testing size: 390(0.54)
....................................................................................................
optimization finished, #iter = 1000

WARNING: reaching max number of iterations
Using -s 2 may be faster (also see FAQ)

Objective value = -399.566
nSV = 556
MT-SVM[mu:1.000,C:1.000,bias:true]
Micro confusion matrix:
	0	1
0	138	22
1	42	188
Micro F1:
Class 0: 0.8118	Class 1: 0.8545	
Macro F1:
Class 0: 0.8180	Class 1: 0.8085	

Overall accuracy: 0.8359.
[Info]Training size: 0(0.00), adaptation size: 1500(0.50), and testing size: 390(0.54)
.**.
optimization finished, #iter = 20
Objective value = -2.87032
nSV = 35
....*.**
optimization finished, #iter = 53
Objective value = -2.87032
nSV = 35
....*..*.***.
optimization finished, #iter = 80
Objective value = -2.87032
nSV = 35
...*
optimization finished, #iter = 34
Objective value = -2.87032
nSV = 35
.....***
optimization finished, #iter = 59
Objective value = -2.87032
nSV = 35
......*
optimization finished, #iter = 68
Objective value = -2.87032
nSV = 35
..*...*.***
optimization finished, #iter = 65
Objective value = -2.87032
nSV = 35
...*...*.*
optimization finished, #iter = 73
Objective value = -2.87032
nSV = 35
...*....**
optimization finished, #iter = 79
Objective value = -2.87032
nSV = 35
....**.
optimization finished, #iter = 50
Objective value = -2.87032
nSV = 35
...*....*
optimization finished, #iter = 77
Objective value = -2.87032
nSV = 35
...**.**
optimization finished, #iter = 46
Objective value = -2.87032
nSV = 35
...*..*.
optimization finished, #iter = 60
Objective value = -2.87032
nSV = 35
....*.****.*
optimization finished, #iter = 63
Objective value = -2.87032
nSV = 35
.....*
optimization finished, #iter = 54
Objective value = -2.87032
nSV = 35
.....**.**
optimization finished, #iter = 63
Objective value = -2.87032
nSV = 35
.....**.*
optimization finished, #iter = 61
Objective value = -2.87032
nSV = 35
......**
optimization finished, #iter = 66
Objective value = -2.87032
nSV = 35
.....*.
optimization finished, #iter = 60
Objective value = -2.87032
nSV = 35
......***
optimization finished, #iter = 69
Objective value = -2.87032
nSV = 35
.....**
optimization finished, #iter = 58
Objective value = -2.87032
nSV = 35
.....*
optimization finished, #iter = 57
Objective value = -2.87032
nSV = 35
.....*.**
optimization finished, #iter = 63
Objective value = -2.87032
nSV = 35
....**.*
optimization finished, #iter = 51
Objective value = -2.87032
nSV = 35
.....**.*
optimization finished, #iter = 63
Objective value = -2.87032
nSV = 35
......**
optimization finished, #iter = 67
Objective value = -2.87032
nSV = 35
....***
optimization finished, #iter = 48
Objective value = -2.87032
nSV = 35
......*
optimization finished, #iter = 62
Objective value = -2.87032
nSV = 35
....*
optimization finished, #iter = 42
Objective value = -2.87032
nSV = 35
.....*.
optimization finished, #iter = 60
Objective value = -2.87032
nSV = 35
Individual-SVM[C:0.100,bias:false]
Micro confusion matrix:
	0	1
0	180	210
1	0	0
Micro F1:
Class 0: 0.6316	Class 1: 0.0000	
Macro F1:
Class 0: 0.6230	Class 1: 0.0000	

Overall accuracy: 0.4615.
