40 users are loaded from ./data/Dataset1/Format2/...
[Info]Training size: 0(0.00), adaptation size: 2560(0.46), and testing size: 680(0.47)
.*
optimization finished, #iter = 19
Objective value = -4.64037
nSV = 51
..*
optimization finished, #iter = 28
Objective value = -4.64037
nSV = 51
.*
optimization finished, #iter = 19
Objective value = -4.64037
nSV = 51
..*
optimization finished, #iter = 23
Objective value = -4.64037
nSV = 51
..*
optimization finished, #iter = 23
Objective value = -4.64037
nSV = 51
..*
optimization finished, #iter = 21
Objective value = -4.64037
nSV = 51
.*
optimization finished, #iter = 15
Objective value = -4.64037
nSV = 51
..*
optimization finished, #iter = 24
Objective value = -4.64037
nSV = 51
..*
optimization finished, #iter = 22
Objective value = -4.64037
nSV = 51
.*
optimization finished, #iter = 19
Objective value = -4.64037
nSV = 51
.*.
optimization finished, #iter = 20
Objective value = -4.64037
nSV = 51
..*
optimization finished, #iter = 23
Objective value = -4.64037
nSV = 51
..*
optimization finished, #iter = 25
Objective value = -4.64037
nSV = 51
..*
optimization finished, #iter = 23
Objective value = -4.64037
nSV = 51
.*
optimization finished, #iter = 18
Objective value = -4.64037
nSV = 51
.*
optimization finished, #iter = 16
Objective value = -4.64037
nSV = 51
..*
optimization finished, #iter = 21
Objective value = -4.64037
nSV = 51
..*
optimization finished, #iter = 21
Objective value = -4.64037
nSV = 51
.*
optimization finished, #iter = 11
Objective value = -4.64037
nSV = 51
.*
optimization finished, #iter = 17
Objective value = -4.64037
nSV = 51
.*
optimization finished, #iter = 16
Objective value = -4.64037
nSV = 51
.*.
optimization finished, #iter = 20
Objective value = -4.64037
nSV = 51
..*
optimization finished, #iter = 22
Objective value = -4.64037
nSV = 51
..*
optimization finished, #iter = 23
Objective value = -4.64037
nSV = 51
.*
optimization finished, #iter = 14
Objective value = -4.64037
nSV = 51
..*
optimization finished, #iter = 22
Objective value = -4.64037
nSV = 51
.*
optimization finished, #iter = 17
Objective value = -4.64037
nSV = 51
.*
optimization finished, #iter = 14
Objective value = -4.64037
nSV = 51
..*
optimization finished, #iter = 25
Objective value = -4.64037
nSV = 51
..*
optimization finished, #iter = 26
Objective value = -4.64037
nSV = 51
..*
optimization finished, #iter = 21
Objective value = -4.64037
nSV = 51
..*
optimization finished, #iter = 22
Objective value = -4.64037
nSV = 51
..*
optimization finished, #iter = 24
Objective value = -4.64037
nSV = 51
..*
optimization finished, #iter = 24
Objective value = -4.64037
nSV = 51
..*
optimization finished, #iter = 22
Objective value = -4.64037
nSV = 51
..*
optimization finished, #iter = 23
Objective value = -4.64037
nSV = 51
.*
optimization finished, #iter = 17
Objective value = -4.64037
nSV = 51
..*
optimization finished, #iter = 21
Objective value = -4.64037
nSV = 51
.*.
optimization finished, #iter = 20
Objective value = -4.64037
nSV = 51
..*
optimization finished, #iter = 23
Objective value = -4.64037
nSV = 51
Individual-SVM[C:0.100,bias:false]
Micro confusion matrix:
	0	1
0	134	66
1	229	251
Micro F1:
Class 0: 0.4760	Class 1: 0.6299	
Macro F1:
Class 0: 0.4698	Class 1: 0.6274	

Overall accuracy: 0.5662.
[Info]Training size: 0(0.00), adaptation size: 2560(0.46), and testing size: 680(0.47)
......*
optimization finished, #iter = 65
Objective value = -8.94466
nSV = 48
....*
optimization finished, #iter = 46
Objective value = -8.94466
nSV = 48
....*
optimization finished, #iter = 49
Objective value = -8.94466
nSV = 48
....*.*
optimization finished, #iter = 51
Objective value = -8.94466
nSV = 48
......*
optimization finished, #iter = 67
Objective value = -8.94466
nSV = 48
....*
optimization finished, #iter = 44
Objective value = -8.94466
nSV = 48
.....*.*
optimization finished, #iter = 63
Objective value = -8.94466
nSV = 48
......*
optimization finished, #iter = 68
Objective value = -8.94466
nSV = 48
.....**
optimization finished, #iter = 54
Objective value = -8.94466
nSV = 48
....**
optimization finished, #iter = 44
Objective value = -8.94466
nSV = 48
....**
optimization finished, #iter = 45
Objective value = -8.94466
nSV = 48
......**
optimization finished, #iter = 65
Objective value = -8.94466
nSV = 48
....*
optimization finished, #iter = 44
Objective value = -8.94466
nSV = 48
....*....*
optimization finished, #iter = 84
Objective value = -8.94466
nSV = 48
......*
optimization finished, #iter = 63
Objective value = -8.94466
nSV = 48
.....**.*
optimization finished, #iter = 62
Objective value = -8.94466
nSV = 48
....*
optimization finished, #iter = 47
Objective value = -8.94466
nSV = 48
....**
optimization finished, #iter = 47
Objective value = -8.94466
nSV = 48
......**
optimization finished, #iter = 66
Objective value = -8.94466
nSV = 48
......*
optimization finished, #iter = 61
Objective value = -8.94466
nSV = 48
....*.
optimization finished, #iter = 50
Objective value = -8.94466
nSV = 48
.....*
optimization finished, #iter = 51
Objective value = -8.94466
nSV = 48
...***
optimization finished, #iter = 38
Objective value = -8.94466
nSV = 48
....*
optimization finished, #iter = 44
Objective value = -8.94466
nSV = 48
....**
optimization finished, #iter = 45
Objective value = -8.94466
nSV = 48
...*.
optimization finished, #iter = 40
Objective value = -8.94466
nSV = 48
....*.*
optimization finished, #iter = 52
Objective value = -8.94466
nSV = 48
....*
optimization finished, #iter = 48
Objective value = -8.94466
nSV = 48
.....*
optimization finished, #iter = 56
Objective value = -8.94466
nSV = 48
.....***
optimization finished, #iter = 58
Objective value = -8.94466
nSV = 48
....*
optimization finished, #iter = 43
Objective value = -8.94466
nSV = 48
....*
optimization finished, #iter = 41
Objective value = -8.94466
nSV = 48
....*.*
optimization finished, #iter = 55
Objective value = -8.94466
nSV = 48
...*.*
optimization finished, #iter = 43
Objective value = -8.94466
nSV = 48
.....*
optimization finished, #iter = 53
Objective value = -8.94466
nSV = 48
..*.
optimization finished, #iter = 30
Objective value = -8.94466
nSV = 48
.....*
optimization finished, #iter = 55
Objective value = -8.94466
nSV = 48
...*
optimization finished, #iter = 31
Objective value = -8.94466
nSV = 48
....*
optimization finished, #iter = 49
Objective value = -8.94466
nSV = 48
..*
optimization finished, #iter = 24
Objective value = -8.94466
nSV = 48
Individual-SVM[C:0.200,bias:false]
Micro confusion matrix:
	0	1
0	134	66
1	229	251
Micro F1:
Class 0: 0.4760	Class 1: 0.6299	
Macro F1:
Class 0: 0.4698	Class 1: 0.6274	

Overall accuracy: 0.5662.
[Info]Training size: 0(0.00), adaptation size: 2560(0.46), and testing size: 680(0.47)
.......**
optimization finished, #iter = 77
Objective value = -13.2087
nSV = 48
.....**.
optimization finished, #iter = 60
Objective value = -13.2087
nSV = 48
......*
optimization finished, #iter = 66
Objective value = -13.2087
nSV = 48
.......**.*
optimization finished, #iter = 82
Objective value = -13.2087
nSV = 48
.......***.
optimization finished, #iter = 80
Objective value = -13.2087
nSV = 48
......*
optimization finished, #iter = 61
Objective value = -13.2087
nSV = 48
.....*
optimization finished, #iter = 57
Objective value = -13.2087
nSV = 48
...**
optimization finished, #iter = 36
Objective value = -13.2087
nSV = 48
....*.......***.
optimization finished, #iter = 120
Objective value = -13.2087
nSV = 48
.....*.
optimization finished, #iter = 60
Objective value = -13.2087
nSV = 48
.....*
optimization finished, #iter = 57
Objective value = -13.2087
nSV = 48
......*.*
optimization finished, #iter = 73
Objective value = -13.2087
nSV = 48
......**
optimization finished, #iter = 65
Objective value = -13.2087
nSV = 48
.....*
optimization finished, #iter = 57
Objective value = -13.2087
nSV = 48
.......*
optimization finished, #iter = 74
Objective value = -13.2087
nSV = 48
.....**.
optimization finished, #iter = 60
Objective value = -13.2087
nSV = 48
......*
optimization finished, #iter = 63
Objective value = -13.2087
nSV = 48
.....*
optimization finished, #iter = 57
Objective value = -13.2087
nSV = 48
....*
optimization finished, #iter = 49
Objective value = -13.2087
nSV = 48
....**
optimization finished, #iter = 46
Objective value = -13.2087
nSV = 48
.......**
optimization finished, #iter = 77
Objective value = -13.2087
nSV = 48
......*
optimization finished, #iter = 67
Objective value = -13.2087
nSV = 48
......*.*
optimization finished, #iter = 71
Objective value = -13.2087
nSV = 48
.......*
optimization finished, #iter = 72
Objective value = -13.2087
nSV = 48
....*
optimization finished, #iter = 46
Objective value = -13.2087
nSV = 48
.......*
optimization finished, #iter = 71
Objective value = -13.2087
nSV = 48
.....**
optimization finished, #iter = 56
Objective value = -13.2087
nSV = 48
.....*
optimization finished, #iter = 51
Objective value = -13.2087
nSV = 48
.......*
optimization finished, #iter = 71
Objective value = -13.2087
nSV = 48
....*.*
optimization finished, #iter = 52
Objective value = -13.2087
nSV = 48
....*
optimization finished, #iter = 49
Objective value = -13.2087
nSV = 48
....***
optimization finished, #iter = 46
Objective value = -13.2087
nSV = 48
......**
optimization finished, #iter = 65
Objective value = -13.2087
nSV = 48
.......**.
optimization finished, #iter = 80
Objective value = -13.2087
nSV = 48
..........*......*
optimization finished, #iter = 161
Objective value = -13.2087
nSV = 48
......*
optimization finished, #iter = 66
Objective value = -13.2087
nSV = 48
......*.*
optimization finished, #iter = 72
Objective value = -13.2087
nSV = 48
....**
optimization finished, #iter = 49
Objective value = -13.2087
nSV = 48
......*
optimization finished, #iter = 69
Objective value = -13.2087
nSV = 48
....*.*
optimization finished, #iter = 52
Objective value = -13.2087
nSV = 48
Individual-SVM[C:0.300,bias:false]
Micro confusion matrix:
	0	1
0	134	66
1	229	251
Micro F1:
Class 0: 0.4760	Class 1: 0.6299	
Macro F1:
Class 0: 0.4698	Class 1: 0.6274	

Overall accuracy: 0.5662.
[Info]Training size: 0(0.00), adaptation size: 2560(0.46), and testing size: 680(0.47)
........*..........*.
optimization finished, #iter = 190
Objective value = -17.4623
nSV = 47
..........*.***
optimization finished, #iter = 118
Objective value = -17.4623
nSV = 47
......*
optimization finished, #iter = 65
Objective value = -17.4623
nSV = 48
........*
optimization finished, #iter = 83
Objective value = -17.4623
nSV = 48
........*.......**
optimization finished, #iter = 158
Objective value = -17.4623
nSV = 48
.........*.*
optimization finished, #iter = 104
Objective value = -17.4623
nSV = 48
.........*.*
optimization finished, #iter = 101
Objective value = -17.4623
nSV = 48
........***
optimization finished, #iter = 89
Objective value = -17.4623
nSV = 48
....*
optimization finished, #iter = 45
Objective value = -17.4623
nSV = 48
..........*
optimization finished, #iter = 109
Objective value = -17.4623
nSV = 48
.......*.
optimization finished, #iter = 80
Objective value = -17.4623
nSV = 47
.......***
optimization finished, #iter = 79
Objective value = -17.4623
nSV = 48
......*.*
optimization finished, #iter = 74
Objective value = -17.4623
nSV = 48
.......*...*.
optimization finished, #iter = 110
Objective value = -17.4623
nSV = 48
........**
optimization finished, #iter = 89
Objective value = -17.4623
nSV = 48
......*.**.*
optimization finished, #iter = 81
Objective value = -17.4623
nSV = 48
........**
optimization finished, #iter = 84
Objective value = -17.4623
nSV = 48
.........*.**
optimization finished, #iter = 105
Objective value = -17.4623
nSV = 47
..........*.**
optimization finished, #iter = 116
Objective value = -17.4623
nSV = 47
.......*
optimization finished, #iter = 77
Objective value = -17.4623
nSV = 48
......*.**
optimization finished, #iter = 74
Objective value = -17.4623
nSV = 47
.......*.
optimization finished, #iter = 80
Objective value = -17.4623
nSV = 48
........*
optimization finished, #iter = 85
Objective value = -17.4623
nSV = 48
..............*........**
optimization finished, #iter = 224
Objective value = -17.4623
nSV = 48
.........*
optimization finished, #iter = 97
Objective value = -17.4623
nSV = 47
...........*.*
optimization finished, #iter = 121
Objective value = -17.4623
nSV = 47
....*
optimization finished, #iter = 49
Objective value = -17.4623
nSV = 47
........*.**
optimization finished, #iter = 94
Objective value = -17.4623
nSV = 48
.........*.**.*
optimization finished, #iter = 111
Objective value = -17.4623
nSV = 47
.........*
optimization finished, #iter = 98
Objective value = -17.4623
nSV = 48
.......*.*
optimization finished, #iter = 81
Objective value = -17.4623
nSV = 48
...........*.....*
optimization finished, #iter = 169
Objective value = -17.4623
nSV = 47
...........***.
optimization finished, #iter = 120
Objective value = -17.4623
nSV = 47
........*
optimization finished, #iter = 88
Objective value = -17.4623
nSV = 47
.........*
optimization finished, #iter = 92
Objective value = -17.4623
nSV = 48
.......*.*
optimization finished, #iter = 81
Objective value = -17.4623
nSV = 48
........*
optimization finished, #iter = 86
Objective value = -17.4623
nSV = 48
........***
optimization finished, #iter = 89
Objective value = -17.4623
nSV = 47
......*.**
optimization finished, #iter = 74
Objective value = -17.4623
nSV = 48
........*.**
optimization finished, #iter = 95
Objective value = -17.4623
nSV = 47
Individual-SVM[C:0.400,bias:false]
Micro confusion matrix:
	0	1
0	134	66
1	229	251
Micro F1:
Class 0: 0.4760	Class 1: 0.6299	
Macro F1:
Class 0: 0.4698	Class 1: 0.6274	

Overall accuracy: 0.5662.
[Info]Training size: 0(0.00), adaptation size: 2560(0.46), and testing size: 680(0.47)
........*.*
optimization finished, #iter = 93
Objective value = -21.6980
nSV = 48
.........*.***
optimization finished, #iter = 108
Objective value = -21.6980
nSV = 48
.........**
optimization finished, #iter = 98
Objective value = -21.6980
nSV = 47
........***
optimization finished, #iter = 87
Objective value = -21.6980
nSV = 48
.............*
optimization finished, #iter = 133
Objective value = -21.6980
nSV = 48
........*...........*.*.*
optimization finished, #iter = 212
Objective value = -21.6980
nSV = 47
...........*......*.*
optimization finished, #iter = 183
Objective value = -21.6980
nSV = 48
........***
optimization finished, #iter = 88
Objective value = -21.6980
nSV = 48
............**
optimization finished, #iter = 127
Objective value = -21.6980
nSV = 47
..............*.**
optimization finished, #iter = 154
Objective value = -21.6980
nSV = 48
....................*.......*
optimization finished, #iter = 271
Objective value = -21.6980
nSV = 48
............*
optimization finished, #iter = 124
Objective value = -21.6980
nSV = 48
..........*......*.
optimization finished, #iter = 170
Objective value = -21.6980
nSV = 48
...........**
optimization finished, #iter = 115
Objective value = -21.6980
nSV = 48
...........***.
optimization finished, #iter = 120
Objective value = -21.6980
nSV = 48
........**
optimization finished, #iter = 88
Objective value = -21.6980
nSV = 48
........*.*.*
optimization finished, #iter = 101
Objective value = -21.6980
nSV = 47
................*
optimization finished, #iter = 162
Objective value = -21.6980
nSV = 47
...........**.****
optimization finished, #iter = 129
Objective value = -21.6980
nSV = 48
.............*
optimization finished, #iter = 132
Objective value = -21.6980
nSV = 48
................**
optimization finished, #iter = 165
Objective value = -21.6980
nSV = 48
.........*
optimization finished, #iter = 99
Objective value = -21.6980
nSV = 47
..........*.**.*
optimization finished, #iter = 122
Objective value = -21.6980
nSV = 48
.......*.**
optimization finished, #iter = 88
Objective value = -21.6980
nSV = 48
..............*
optimization finished, #iter = 148
Objective value = -21.6980
nSV = 48
..........***
optimization finished, #iter = 108
Objective value = -21.6980
nSV = 48
..........**.**
optimization finished, #iter = 114
Objective value = -21.6980
nSV = 47
.........**
optimization finished, #iter = 97
Objective value = -21.6980
nSV = 48
..........*.**
optimization finished, #iter = 119
Objective value = -21.6980
nSV = 48
.................**
optimization finished, #iter = 175
Objective value = -21.6980
nSV = 48
.............................................................*............***
optimization finished, #iter = 739
Objective value = -21.6980
nSV = 47
.............*.**
optimization finished, #iter = 147
Objective value = -21.6980
nSV = 48
...........**
optimization finished, #iter = 115
Objective value = -21.6980
nSV = 47
...........*
optimization finished, #iter = 118
Objective value = -21.6980
nSV = 47
.......***
optimization finished, #iter = 77
Objective value = -21.6980
nSV = 48
.........*.*
optimization finished, #iter = 102
Objective value = -21.6980
nSV = 48
.........*.**
optimization finished, #iter = 103
Objective value = -21.6980
nSV = 48
.......**
optimization finished, #iter = 74
Objective value = -21.6980
nSV = 48
.........**
optimization finished, #iter = 93
Objective value = -21.6980
nSV = 48
.................*.*
optimization finished, #iter = 181
Objective value = -21.6980
nSV = 48
Individual-SVM[C:0.500,bias:false]
Micro confusion matrix:
	0	1
0	134	66
1	229	251
Micro F1:
Class 0: 0.4760	Class 1: 0.6299	
Macro F1:
Class 0: 0.4698	Class 1: 0.6274	

Overall accuracy: 0.5662.
[Info]Training size: 0(0.00), adaptation size: 2560(0.46), and testing size: 680(0.47)
..........*.................*.....*.*.*.**.*
optimization finished, #iter = 361
Objective value = -25.9269
nSV = 49
.................*..................*.....**.*...*.*..*.*
optimization finished, #iter = 482
Objective value = -25.9269
nSV = 48
..................................*.*
optimization finished, #iter = 356
Objective value = -25.9269
nSV = 49
.......................*......*
optimization finished, #iter = 298
Objective value = -25.9269
nSV = 49
........***
optimization finished, #iter = 88
Objective value = -25.9269
nSV = 49
...............*..*.*.**.*
optimization finished, #iter = 206
Objective value = -25.9269
nSV = 49
...........*
optimization finished, #iter = 117
Objective value = -25.9269
nSV = 49
....................*..*.
optimization finished, #iter = 230
Objective value = -25.9269
nSV = 49
..............*........*...*
optimization finished, #iter = 253
Objective value = -25.9269
nSV = 49
..............*....*..*..*.*..**
optimization finished, #iter = 256
Objective value = -25.9269
nSV = 49
........................*....*.*..*.*.**...****.****
optimization finished, #iter = 379
Objective value = -25.9269
nSV = 49
...................*.
optimization finished, #iter = 200
Objective value = -25.9269
nSV = 49
..........*........................**.**...*
optimization finished, #iter = 383
Objective value = -25.9269
nSV = 48
......................*.........*..................................*.........*.*..*..*.*.*
optimization finished, #iter = 812
Objective value = -25.9269
nSV = 49
................*....*.*
optimization finished, #iter = 212
Objective value = -25.9269
nSV = 49
...............*................*........**...*.*..**.*
optimization finished, #iter = 466
Objective value = -25.9269
nSV = 48
.....................................*..............**..*..**
optimization finished, #iter = 556
Objective value = -25.9269
nSV = 49
....................*....*.*..****.**.**
optimization finished, #iter = 295
Objective value = -25.9269
nSV = 49
...........*..................*...*...*..*.*.*...**.*
optimization finished, #iter = 433
Objective value = -25.9269
nSV = 48
..........*....................*.*.*.*.*.**...*.**.
optimization finished, #iter = 400
Objective value = -25.9269
nSV = 48
......................*.*.......**.*.***
optimization finished, #iter = 328
Objective value = -25.9269
nSV = 49
.........*..***.*.**
optimization finished, #iter = 138
Objective value = -25.9269
nSV = 49
.......*.......**.**
optimization finished, #iter = 159
Objective value = -25.9269
nSV = 49
.....*............*........*....*.*.*
optimization finished, #iter = 315
Objective value = -25.9269
nSV = 49
....................*.**.*.*
optimization finished, #iter = 231
Objective value = -25.9269
nSV = 49
........**.*.**.***
optimization finished, #iter = 117
Objective value = -25.9269
nSV = 49
...........*...........*.........................................*...*..*.**.**.*
optimization finished, #iter = 716
Objective value = -25.9269
nSV = 49
..........*................*....................*...*..**.*.****.***
optimization finished, #iter = 547
Objective value = -25.9269
nSV = 49
.........*.***.***
optimization finished, #iter = 115
Objective value = -25.9269
nSV = 49
.....................*
optimization finished, #iter = 211
Objective value = -25.9269
nSV = 49
.........*...................*....*.*..**.*.**.
optimization finished, #iter = 380
Objective value = -25.9269
nSV = 48
...........*.***.**
optimization finished, #iter = 134
Objective value = -25.9269
nSV = 49
.............*.................*.....*.**.*.*.***.**.***.**
optimization finished, #iter = 423
Objective value = -25.9269
nSV = 49
..........**.**
optimization finished, #iter = 117
Objective value = -25.9269
nSV = 49
...................................*....*....*...*.*..***
optimization finished, #iter = 499
Objective value = -25.9269
nSV = 49
......................**.*.**.**
optimization finished, #iter = 258
Objective value = -25.9269
nSV = 49
...........***.
optimization finished, #iter = 120
Objective value = -25.9269
nSV = 48
................*...........*...............*...*......*.*..**.*.**.*
optimization finished, #iter = 572
Objective value = -25.9269
nSV = 49
.......*....................*....*.....*.**.*
optimization finished, #iter = 382
Objective value = -25.9269
nSV = 48
........**
optimization finished, #iter = 89
Objective value = -25.9269
nSV = 49
Individual-SVM[C:0.600,bias:false]
Micro confusion matrix:
	0	1
0	134	66
1	229	251
Micro F1:
Class 0: 0.4760	Class 1: 0.6299	
Macro F1:
Class 0: 0.4698	Class 1: 0.6274	

Overall accuracy: 0.5662.
[Info]Training size: 0(0.00), adaptation size: 2560(0.46), and testing size: 680(0.47)
........*...............................................*.......*.....*..**.*..**.**
optimization finished, #iter = 733
Objective value = -30.1547
nSV = 48
...........*.................................................*.*..*
optimization finished, #iter = 631
Objective value = -30.1547
nSV = 49
..........*.....................................................**..*......*.*.**.**
optimization finished, #iter = 748
Objective value = -30.1547
nSV = 48
...........................................*..........*..*.**.*..**.*.***
optimization finished, #iter = 619
Objective value = -30.1547
nSV = 48
..............................................*..........................*..................*.*........*.
optimization finished, #iter = 1000

WARNING: reaching max number of iterations
Using -s 2 may be faster (also see FAQ)

Objective value = -30.1547
nSV = 48
.........................................*...*..*..*.*.***
optimization finished, #iter = 506
Objective value = -30.1547
nSV = 48
.........*.........................................................*....**.*
optimization finished, #iter = 718
Objective value = -30.1547
nSV = 48
.................................................*...*....*
optimization finished, #iter = 564
Objective value = -30.1547
nSV = 48
....................................................*.....*.*..***.*.*.**.***.
optimization finished, #iter = 650
Objective value = -30.1547
nSV = 48
...................*.*.*
optimization finished, #iter = 212
Objective value = -30.1547
nSV = 48
...................................................*..*...*.**..***.*.*.*..**
optimization finished, #iter = 649
Objective value = -30.1547
nSV = 48
.................*..........*.............................*.....*...*
optimization finished, #iter = 642
Objective value = -30.1547
nSV = 49
........................................*........**...*.*
optimization finished, #iter = 527
Objective value = -30.1547
nSV = 48
...................*...........................................................*.*.*.*.**
optimization finished, #iter = 826
Objective value = -30.1547
nSV = 48
.................................................*.......*..*.......***
optimization finished, #iter = 657
Objective value = -30.1547
nSV = 48
..........................*.........................................**..*.
optimization finished, #iter = 700
Objective value = -30.1547
nSV = 49
.........................................................*....*..*..**.**.***.*
optimization finished, #iter = 685
Objective value = -30.1547
nSV = 48
.............................................*......**...**.*
optimization finished, #iter = 555
Objective value = -30.1547
nSV = 48
.....................................*.........*.*.*
optimization finished, #iter = 483
Objective value = -30.1547
nSV = 49
.........................................*....*.*
optimization finished, #iter = 467
Objective value = -30.1547
nSV = 48
.......................*....*....**.*..**.**
optimization finished, #iter = 354
Objective value = -30.1547
nSV = 49
..............................................................*
optimization finished, #iter = 623
Objective value = -30.1547
nSV = 48
.....................................................*
optimization finished, #iter = 533
Objective value = -30.1547
nSV = 48
..............*..*...**..***
optimization finished, #iter = 217
Objective value = -30.1547
nSV = 49
.......*...*.**...****.***
optimization finished, #iter = 159
Objective value = -30.1547
nSV = 49
............*..............................................*..........*.*..*.*
optimization finished, #iter = 722
Objective value = -30.1547
nSV = 48
..............................*.......***
optimization finished, #iter = 376
Objective value = -30.1547
nSV = 49
.....................................................*..*.*
optimization finished, #iter = 562
Objective value = -30.1547
nSV = 48
........................................*
optimization finished, #iter = 403
Objective value = -30.1547
nSV = 48
..............*....*.*.***..***.***.
optimization finished, #iter = 240
Objective value = -30.1547
nSV = 48
....................................*....*.....*..*.....*.*.*.
optimization finished, #iter = 550
Objective value = -30.1547
nSV = 48
............................................*....*..*.*.*.*.*.**.*.**.*
optimization finished, #iter = 584
Objective value = -30.1547
nSV = 48
................*.....................................................*....*.**.***.*
optimization finished, #iter = 762
Objective value = -30.1547
nSV = 48
............................................*
optimization finished, #iter = 446
Objective value = -30.1547
nSV = 49
.......................*......*...*....*.*..***.*.*.*.*.
optimization finished, #iter = 440
Objective value = -30.1547
nSV = 48
..............................................*...........*..*.*..*.*.*.*.**
optimization finished, #iter = 668
Objective value = -30.1547
nSV = 48
...................*...............................................*.*.*..*...*..*.**.**.**
optimization finished, #iter = 787
Objective value = -30.1547
nSV = 48
.........*............*..................................................*......*..*....*.**.*..*.***
optimization finished, #iter = 889
Objective value = -30.1547
nSV = 48
...............................................*....*..**.*.*.***.***.**.*
optimization finished, #iter = 595
Objective value = -30.1547
nSV = 48
.................................................*...*.**.**.*.**.**
optimization finished, #iter = 579
Objective value = -30.1547
nSV = 49
Individual-SVM[C:0.700,bias:false]
Micro confusion matrix:
	0	1
0	134	66
1	229	251
Micro F1:
Class 0: 0.4760	Class 1: 0.6299	
Macro F1:
Class 0: 0.4698	Class 1: 0.6274	

Overall accuracy: 0.5662.
[Info]Training size: 0(0.00), adaptation size: 2560(0.46), and testing size: 680(0.47)
..................................................*...*......*..**.*.****.*
optimization finished, #iter = 649
Objective value = -34.3824
nSV = 48
.........................................................*..**..*
optimization finished, #iter = 611
Objective value = -34.3824
nSV = 49
.........*......*.....*...****.**.***.***
optimization finished, #iter = 269
Objective value = -34.3824
nSV = 49
..................................................................*...*.....*
optimization finished, #iter = 741
Objective value = -34.3824
nSV = 48
..............................................................*.*..*.*..*.**.*
optimization finished, #iter = 702
Objective value = -34.3824
nSV = 48
......................*.......*.*..*...*.*
optimization finished, #iter = 361
Objective value = -34.3824
nSV = 49
.............................................................*.*...*.*.
optimization finished, #iter = 670
Objective value = -34.3824
nSV = 48
........................................................*...........*.*..**...***
optimization finished, #iter = 739
Objective value = -34.3824
nSV = 48
...........................................................*....*.*.*.**.**.***.**.*.****.*
optimization finished, #iter = 724
Objective value = -34.3824
nSV = 48
....................................................................**...*..*...*
optimization finished, #iter = 768
Objective value = -34.3824
nSV = 48
.................*.....*.*.**.*.*
optimization finished, #iter = 269
Objective value = -34.3824
nSV = 49
...............................................................*.....*..*.*..*..***
optimization finished, #iter = 757
Objective value = -34.3824
nSV = 48
...........*..........*..................................................................*....*.*..*
optimization finished, #iter = 948
Objective value = -34.3824
nSV = 48
...................................................................*.*.*...***.
optimization finished, #iter = 730
Objective value = -34.3824
nSV = 48
..................................*.....*.***.*..**.****.
optimization finished, #iter = 450
Objective value = -34.3824
nSV = 49
...........................................................*.*.*
optimization finished, #iter = 617
Objective value = -34.3824
nSV = 48
............................*.....*.*...*
optimization finished, #iter = 371
Objective value = -34.3824
nSV = 49
.........................................................*....*...*.*...*
optimization finished, #iter = 688
Objective value = -34.3824
nSV = 48
.............................................*...........*...*.**.*.**.**
optimization finished, #iter = 636
Objective value = -34.3824
nSV = 48
...................................................*........*.....*
optimization finished, #iter = 644
Objective value = -34.3824
nSV = 48
...............................................................*...*.*.*.
optimization finished, #iter = 690
Objective value = -34.3824
nSV = 48
................................................................****.*..*.*.***.*
optimization finished, #iter = 702
Objective value = -34.3824
nSV = 48
...............................................*.*.*.**.*
optimization finished, #iter = 515
Objective value = -34.3824
nSV = 48
.................................................................*...*...**.*
optimization finished, #iter = 729
Objective value = -34.3824
nSV = 48
.................................*.....................................*..**......*.*..*.*..**.**.
optimization finished, #iter = 860
Objective value = -34.3824
nSV = 48
.....................................................*....*..**.*..***.
optimization finished, #iter = 630
Objective value = -34.3824
nSV = 48
..................................................................*...*.*.**..*.*
optimization finished, #iter = 742
Objective value = -34.3824
nSV = 48
.............*................................*...**.*
optimization finished, #iter = 497
Objective value = -34.3824
nSV = 48
..........................................................................*...*
optimization finished, #iter = 772
Objective value = -34.3824
nSV = 48
..............................................................*
optimization finished, #iter = 624
Objective value = -34.3824
nSV = 48
.......................................................**...**..*.***..*.***.*.*
optimization finished, #iter = 661
Objective value = -34.3824
nSV = 48
.................................*.....................*...........................................*...
optimization finished, #iter = 1000

WARNING: reaching max number of iterations
Using -s 2 may be faster (also see FAQ)

Objective value = -34.3824
nSV = 48
..................................................................*...*
optimization finished, #iter = 697
Objective value = -34.3824
nSV = 48
..................................................*........*.....**
optimization finished, #iter = 637
Objective value = -34.3824
nSV = 48
..............*...........................................................................*
optimization finished, #iter = 893
Objective value = -34.3824
nSV = 48
................................................*.*......**.*.*..***..**.**.**.***
optimization finished, #iter = 649
Objective value = -34.3824
nSV = 48
......................................................*.............*.*.
optimization finished, #iter = 690
Objective value = -34.3824
nSV = 48
.....................................................*.....*....*..*.**.**.*
optimization finished, #iter = 673
Objective value = -34.3824
nSV = 48
........................................................*......*.*...*.*.*.**.**
optimization finished, #iter = 706
Objective value = -34.3824
nSV = 48
................................................*.*..*...*.*.**.*
optimization finished, #iter = 572
Objective value = -34.3824
nSV = 48
Individual-SVM[C:0.800,bias:false]
Micro confusion matrix:
	0	1
0	134	66
1	229	251
Micro F1:
Class 0: 0.4760	Class 1: 0.6299	
Macro F1:
Class 0: 0.4698	Class 1: 0.6274	

Overall accuracy: 0.5662.
[Info]Training size: 0(0.00), adaptation size: 2560(0.46), and testing size: 680(0.47)
..............................................*
optimization finished, #iter = 469
Objective value = -38.6092
nSV = 47
.............*...........................................*..***.***.****
optimization finished, #iter = 609
Objective value = -38.6092
nSV = 47
.................*.........................................*.*.*.***
optimization finished, #iter = 619
Objective value = -38.6092
nSV = 47
.......................................*..*.*.****
optimization finished, #iter = 439
Objective value = -38.6092
nSV = 47
..................*.................................**.
optimization finished, #iter = 520
Objective value = -38.6092
nSV = 47
.....................................***.
optimization finished, #iter = 380
Objective value = -38.6092
nSV = 47
.............................................*.**.**.*
optimization finished, #iter = 486
Objective value = -38.6092
nSV = 47
..........*.....................................*
optimization finished, #iter = 479
Objective value = -38.6092
nSV = 47
.................................................*.**.**
optimization finished, #iter = 515
Objective value = -38.6092
nSV = 47
..................................*..*.*.*
optimization finished, #iter = 381
Objective value = -38.6092
nSV = 47
........................*.........................*
optimization finished, #iter = 492
Objective value = -38.6092
nSV = 47
..........................................*.....................................*.....................
optimization finished, #iter = 1000

WARNING: reaching max number of iterations
Using -s 2 may be faster (also see FAQ)

Objective value = -38.6092
nSV = 47
.........................**.*.*
optimization finished, #iter = 271
Objective value = -38.6092
nSV = 47
...................................*.*
optimization finished, #iter = 369
Objective value = -38.6092
nSV = 47
...................................*..**.
optimization finished, #iter = 380
Objective value = -38.6092
nSV = 47
.......................................................*.............................................
optimization finished, #iter = 1000

WARNING: reaching max number of iterations
Using -s 2 may be faster (also see FAQ)

Objective value = -38.6092
nSV = 47
...............................**
optimization finished, #iter = 316
Objective value = -38.6092
nSV = 47
....................................*..*..**
optimization finished, #iter = 409
Objective value = -38.6092
nSV = 47
.............................*......*........***.*
optimization finished, #iter = 442
Objective value = -38.6092
nSV = 48
................................**
optimization finished, #iter = 324
Objective value = -38.6092
nSV = 47
....................................*
optimization finished, #iter = 364
Objective value = -38.6092
nSV = 48
........................................*.*.***
optimization finished, #iter = 428
Objective value = -38.6092
nSV = 47
......................*.........................................*..**.**.**
optimization finished, #iter = 676
Objective value = -38.6092
nSV = 47
..............*........................................*.
optimization finished, #iter = 550
Objective value = -38.6092
nSV = 47
...................................*..*..**.*
optimization finished, #iter = 402
Objective value = -38.6092
nSV = 47
...............................*..*
optimization finished, #iter = 335
Objective value = -38.6092
nSV = 48
.....................................*..*
optimization finished, #iter = 392
Objective value = -38.6092
nSV = 47
...............................*....***
optimization finished, #iter = 359
Objective value = -38.6092
nSV = 47
....................................*...*.**.*
optimization finished, #iter = 414
Objective value = -38.6092
nSV = 47
.....................................*.*
optimization finished, #iter = 384
Objective value = -38.6092
nSV = 47
.....................................*..*...**
optimization finished, #iter = 426
Objective value = -38.6092
nSV = 47
..........................*....**..*.**
optimization finished, #iter = 334
Objective value = -38.6092
nSV = 47
.............................**.***.*
optimization finished, #iter = 312
Objective value = -38.6092
nSV = 48
.................................*....**
optimization finished, #iter = 378
Objective value = -38.6092
nSV = 47
.............................*...........................................**.*.**.
optimization finished, #iter = 750
Objective value = -38.6092
nSV = 47
..................................................................*..................................
optimization finished, #iter = 1000

WARNING: reaching max number of iterations
Using -s 2 may be faster (also see FAQ)

Objective value = -38.6092
nSV = 47
......................................**...**.*****
optimization finished, #iter = 429
Objective value = -38.6092
nSV = 47
.............................................*..*.*
optimization finished, #iter = 484
Objective value = -38.6092
nSV = 47
...........................................*..*..**
optimization finished, #iter = 473
Objective value = -38.6092
nSV = 47
...............................*..**.**
optimization finished, #iter = 345
Objective value = -38.6092
nSV = 48
Individual-SVM[C:0.900,bias:false]
Micro confusion matrix:
	0	1
0	134	66
1	229	251
Micro F1:
Class 0: 0.4760	Class 1: 0.6299	
Macro F1:
Class 0: 0.4698	Class 1: 0.6274	

Overall accuracy: 0.5662.
[Info]Training size: 0(0.00), adaptation size: 2560(0.46), and testing size: 680(0.47)
.................................*....................................*...................**..*.*
optimization finished, #iter = 913
Objective value = -42.8340
nSV = 48
...................................*.**
optimization finished, #iter = 369
Objective value = -42.8340
nSV = 47
...............................*..*.*.*.**
optimization finished, #iter = 369
Objective value = -42.8340
nSV = 47
........................................*..*
optimization finished, #iter = 423
Objective value = -42.8340
nSV = 47
....................................................................................................
optimization finished, #iter = 1000

WARNING: reaching max number of iterations
Using -s 2 may be faster (also see FAQ)

Objective value = -42.8075
nSV = 48
.................................**
optimization finished, #iter = 336
Objective value = -42.8340
nSV = 47
...............*...........................*.....*.**
optimization finished, #iter = 486
Objective value = -42.8340
nSV = 48
...................................*
optimization finished, #iter = 357
Objective value = -42.8340
nSV = 47
...................*.................................***
optimization finished, #iter = 527
Objective value = -42.8340
nSV = 48
.........................................*.*.**
optimization finished, #iter = 437
Objective value = -42.8340
nSV = 47
....................................*...**
optimization finished, #iter = 399
Objective value = -42.8340
nSV = 47
..................................*..*.*
optimization finished, #iter = 378
Objective value = -42.8340
nSV = 47
.......................................*..*.**.*
optimization finished, #iter = 434
Objective value = -42.8340
nSV = 47
.................................*.**..**
optimization finished, #iter = 366
Objective value = -42.8340
nSV = 47
.................................*.*.***
optimization finished, #iter = 359
Objective value = -42.8340
nSV = 47
...............................*.*.**.*.*.**
optimization finished, #iter = 363
Objective value = -42.8340
nSV = 47
...................................*.**.
optimization finished, #iter = 370
Objective value = -42.8340
nSV = 47
..............*.....................................*.*.*..*.*
optimization finished, #iter = 562
Objective value = -42.8340
nSV = 47
.................................*.*
optimization finished, #iter = 344
Objective value = -42.8340
nSV = 47
...................................................................................*.................
optimization finished, #iter = 1000

WARNING: reaching max number of iterations
Using -s 2 may be faster (also see FAQ)

Objective value = -42.8289
nSV = 49
.................................*..*
optimization finished, #iter = 359
Objective value = -42.8340
nSV = 47
.........................................................................................*...........
optimization finished, #iter = 1000

WARNING: reaching max number of iterations
Using -s 2 may be faster (also see FAQ)

Objective value = -42.8238
nSV = 49
.............*...........*.............................*
optimization finished, #iter = 537
Objective value = -42.8340
nSV = 47
.............................*.*.*
optimization finished, #iter = 313
Objective value = -42.8340
nSV = 47
.................................**.*
optimization finished, #iter = 341
Objective value = -42.8340
nSV = 48
.......................................*..**
optimization finished, #iter = 413
Objective value = -42.8340
nSV = 47
........................................*...................*..*.**
optimization finished, #iter = 626
Objective value = -42.8340
nSV = 48
...............................*
optimization finished, #iter = 311
Objective value = -42.8340
nSV = 47
............................*...***.**
optimization finished, #iter = 324
Objective value = -42.8340
nSV = 48
..................................*
optimization finished, #iter = 349
Objective value = -42.8340
nSV = 47
...................................*..***
optimization finished, #iter = 377
Objective value = -42.8340
nSV = 47
..................................*.**
optimization finished, #iter = 357
Objective value = -42.8340
nSV = 47
..................*......*............**.*
optimization finished, #iter = 371
Objective value = -42.8340
nSV = 48
............................*.*.**
optimization finished, #iter = 306
Objective value = -42.8340
nSV = 47
........................................*
optimization finished, #iter = 403
Objective value = -42.8340
nSV = 47
...................................*..*.*.**.*
optimization finished, #iter = 403
Objective value = -42.8340
nSV = 47
..................................*.**..**.**
optimization finished, #iter = 385
Objective value = -42.8340
nSV = 47
....................................**..*.*.*.*
optimization finished, #iter = 416
Objective value = -42.8340
nSV = 47
............................**..*
optimization finished, #iter = 301
Objective value = -42.8340
nSV = 47
.......................*......*............*.****
optimization finished, #iter = 429
Objective value = -42.8340
nSV = 48
Individual-SVM[C:1.000,bias:false]
Micro confusion matrix:
	0	1
0	134	66
1	229	251
Micro F1:
Class 0: 0.4760	Class 1: 0.6299	
Macro F1:
Class 0: 0.4698	Class 1: 0.6274	

Overall accuracy: 0.5662.
