28 users are loaded from ./data/RouteData/...
[Info]Training size: 0(0.00), adaptation size: 1555(0.00), and testing size: 503(0.00)
oxooooooooxoooooooxoooooooxooooooooxoooooooxooooooooooooxoxoooxoooooxooooooooooooxooooooooxooooooooo
oooooooooooxooooooooooooooxooooxooooooxoooooooxooooooooooxoooooooooxooooooooxooooooooooxoooooxoooooo
ooxoooooxoooooooxoooooooooooooxoooooxooooxoooooooooxoooooooxoooooooxooxooooooxoooxoooooxoooooooooooo
xooooxoooooooooxoooooxooooooooooxoooxooooxooooooooxooooooooxoooooooooxooooooooxoooooooooooooooooooox
oxoxoooooooxoooxoooooxoooooxooooooooooooooooooooooooxooooxooooooooxoooooooooooooxoooxoooooxoooooooox
oooooooooooooooxoooooooooxoooooxooooooooooxoooxooooooooxoooooooxooooooooooooooooxooooooooooooooxoooo
oooxooooxooooooooxoooooxoooxoooooooooooooooxoooooxoooooooooxooooooooooooooooxooooxoooooxoooooooooxox
oooooooooooooooxoooooxoooooooooooooooxooooxoooooooxoooooooooooooxoxooooooooxoooooooxooxoooooooooooxo
oooooooooooooooooxoooooooooooooooooo
MTRegLR[u:1.05,eta1:0.000]
Micro confusion matrix:
	0	1
0	232	29
1	57	185
Micro F1:
Class 0: 0.8436	Class 1: 0.8114	
Macro F1:
Class 0: 0.8257	Class 1: 0.7955	

Overall accuracy: 0.8290.
[Info]Save personalized models to ./data/RouteModels_mtreglr/.